Bit count: 632223552
	Command being timed: "./exercise12"
	User time (seconds): 18.38
	System time (seconds): 0.04
	Percent of CPU this job got: 350%
	Elapsed (wall clock) time (h:mm:ss or m:ss): 0:05.26
	Average shared text size (kbytes): 0
	Average unshared data size (kbytes): 0
	Average stack size (kbytes): 0
	Average total size (kbytes): 0
	Maximum resident set size (kbytes): 197036
	Average resident set size (kbytes): 0
	Major (requiring I/O) page faults: 0
	Minor (reclaiming a frame) page faults: 1016
	Voluntary context switches: 20
	Involuntary context switches: 14
	Swaps: 0
	File system inputs: 160
	File system outputs: 8
	Socket messages sent: 0
	Socket messages received: 0
	Signals delivered: 0
	Page size (bytes): 4096
	Exit status: 0
Bit count: 632223552
	Command being timed: "./exercise12"
	User time (seconds): 21.47
	System time (seconds): 0.04
	Percent of CPU this job got: 377%
	Elapsed (wall clock) time (h:mm:ss or m:ss): 0:05.69
	Average shared text size (kbytes): 0
	Average unshared data size (kbytes): 0
	Average stack size (kbytes): 0
	Average total size (kbytes): 0
	Maximum resident set size (kbytes): 197036
	Average resident set size (kbytes): 0
	Major (requiring I/O) page faults: 0
	Minor (reclaiming a frame) page faults: 1901
	Voluntary context switches: 18
	Involuntary context switches: 25
	Swaps: 0
	File system inputs: 0
	File system outputs: 8
	Socket messages sent: 0
	Socket messages received: 0
	Signals delivered: 0
	Page size (bytes): 4096
	Exit status: 0
Bit count: 632223552
	Command being timed: "./exercise12"
	User time (seconds): 20.61
	System time (seconds): 0.04
	Percent of CPU this job got: 360%
	Elapsed (wall clock) time (h:mm:ss or m:ss): 0:05.72
	Average shared text size (kbytes): 0
	Average unshared data size (kbytes): 0
	Average stack size (kbytes): 0
	Average total size (kbytes): 0
	Maximum resident set size (kbytes): 197040
	Average resident set size (kbytes): 0
	Major (requiring I/O) page faults: 0
	Minor (reclaiming a frame) page faults: 1903
	Voluntary context switches: 18
	Involuntary context switches: 22
	Swaps: 0
	File system inputs: 0
	File system outputs: 8
	Socket messages sent: 0
	Socket messages received: 0
	Signals delivered: 0
	Page size (bytes): 4096
	Exit status: 0
Bit count: 632223552
	Command being timed: "./exercise12"
	User time (seconds): 18.77
	System time (seconds): 0.04
	Percent of CPU this job got: 356%
	Elapsed (wall clock) time (h:mm:ss or m:ss): 0:05.28
	Average shared text size (kbytes): 0
	Average unshared data size (kbytes): 0
	Average stack size (kbytes): 0
	Average total size (kbytes): 0
	Maximum resident set size (kbytes): 197036
	Average resident set size (kbytes): 0
	Major (requiring I/O) page faults: 0
	Minor (reclaiming a frame) page faults: 1938
	Voluntary context switches: 18
	Involuntary context switches: 21
	Swaps: 0
	File system inputs: 0
	File system outputs: 8
	Socket messages sent: 0
	Socket messages received: 0
	Signals delivered: 0
	Page size (bytes): 4096
	Exit status: 0
Bit count: 632223552
	Command being timed: "./exercise12"
	User time (seconds): 18.67
	System time (seconds): 0.04
	Percent of CPU this job got: 359%
	Elapsed (wall clock) time (h:mm:ss or m:ss): 0:05.19
	Average shared text size (kbytes): 0
	Average unshared data size (kbytes): 0
	Average stack size (kbytes): 0
	Average total size (kbytes): 0
	Maximum resident set size (kbytes): 197032
	Average resident set size (kbytes): 0
	Major (requiring I/O) page faults: 0
	Minor (reclaiming a frame) page faults: 1929
	Voluntary context switches: 18
	Involuntary context switches: 22
	Swaps: 0
	File system inputs: 0
	File system outputs: 8
	Socket messages sent: 0
	Socket messages received: 0
	Signals delivered: 0
	Page size (bytes): 4096
	Exit status: 0
