===============================================
---------------------------------------------
Running 3 reps of python3 ackermann.py 15
Ack(3, 15 ):  262141
	Command being timed: "python3 ackermann.py 15"
	User time (seconds): 10527.98
	System time (seconds): 6183.88
	Percent of CPU this job got: 99%
	Elapsed (wall clock) time (h:mm:ss or m:ss): 4:39:12
	Average shared text size (kbytes): 0
	Average unshared data size (kbytes): 0
	Average stack size (kbytes): 0
	Average total size (kbytes): 0
	Maximum resident set size (kbytes): 239876
	Average resident set size (kbytes): 0
	Major (requiring I/O) page faults: 0
	Minor (reclaiming a frame) page faults: 3027842142
	Voluntary context switches: 178
	Involuntary context switches: 41282
	Swaps: 0
	File system inputs: 8
	File system outputs: 8
	Socket messages sent: 0
	Socket messages received: 0
	Signals delivered: 0
	Page size (bytes): 4096
	Exit status: 0
slurmstepd: error: *** JOB 31605752 ON p0198 CANCELLED AT 2024-09-21T18:35:03 ***
