===============================================
---------------------------------------------
Running 3 reps of java -Xss12m ackermann 10
Ack(3,10): 8189
	Command being timed: "java -Xss12m ackermann 10"
	User time (seconds): 0.19
	System time (seconds): 0.02
	Percent of CPU this job got: 95%
	Elapsed (wall clock) time (h:mm:ss or m:ss): 0:00.23
	Average shared text size (kbytes): 0
	Average unshared data size (kbytes): 0
	Average stack size (kbytes): 0
	Average total size (kbytes): 0
	Maximum resident set size (kbytes): 39796
	Average resident set size (kbytes): 0
	Major (requiring I/O) page faults: 0
	Minor (reclaiming a frame) page faults: 7277
	Voluntary context switches: 498
	Involuntary context switches: 250
	Swaps: 0
	File system inputs: 0
	File system outputs: 72
	Socket messages sent: 0
	Socket messages received: 0
	Signals delivered: 0
	Page size (bytes): 4096
	Exit status: 0
Ack(3,10): 8189
	Command being timed: "java -Xss12m ackermann 10"
	User time (seconds): 0.20
	System time (seconds): 0.02
	Percent of CPU this job got: 97%
	Elapsed (wall clock) time (h:mm:ss or m:ss): 0:00.23
	Average shared text size (kbytes): 0
	Average unshared data size (kbytes): 0
	Average stack size (kbytes): 0
	Average total size (kbytes): 0
	Maximum resident set size (kbytes): 56036
	Average resident set size (kbytes): 0
	Major (requiring I/O) page faults: 0
	Minor (reclaiming a frame) page faults: 10803
	Voluntary context switches: 486
	Involuntary context switches: 254
	Swaps: 0
	File system inputs: 0
	File system outputs: 72
	Socket messages sent: 0
	Socket messages received: 0
	Signals delivered: 0
	Page size (bytes): 4096
	Exit status: 0
Ack(3,10): 8189
	Command being timed: "java -Xss12m ackermann 10"
	User time (seconds): 0.19
	System time (seconds): 0.03
	Percent of CPU this job got: 97%
	Elapsed (wall clock) time (h:mm:ss or m:ss): 0:00.23
	Average shared text size (kbytes): 0
	Average unshared data size (kbytes): 0
	Average stack size (kbytes): 0
	Average total size (kbytes): 0
	Maximum resident set size (kbytes): 57380
	Average resident set size (kbytes): 0
	Major (requiring I/O) page faults: 0
	Minor (reclaiming a frame) page faults: 10630
	Voluntary context switches: 491
	Involuntary context switches: 256
	Swaps: 0
	File system inputs: 0
	File system outputs: 72
	Socket messages sent: 0
	Socket messages received: 0
	Signals delivered: 0
	Page size (bytes): 4096
	Exit status: 0
---------------------------------------------
Running 3 reps of java -Xss12m ackermann 13
Ack(3,13): 65533
	Command being timed: "java -Xss12m ackermann 13"
	User time (seconds): 4.79
	System time (seconds): 0.02
	Percent of CPU this job got: 99%
	Elapsed (wall clock) time (h:mm:ss or m:ss): 0:04.84
	Average shared text size (kbytes): 0
	Average unshared data size (kbytes): 0
	Average stack size (kbytes): 0
	Average total size (kbytes): 0
	Maximum resident set size (kbytes): 51620
	Average resident set size (kbytes): 0
	Major (requiring I/O) page faults: 0
	Minor (reclaiming a frame) page faults: 11251
	Voluntary context switches: 583
	Involuntary context switches: 359
	Swaps: 0
	File system inputs: 0
	File system outputs: 104
	Socket messages sent: 0
	Socket messages received: 0
	Signals delivered: 0
	Page size (bytes): 4096
	Exit status: 0
Ack(3,13): 65533
	Command being timed: "java -Xss12m ackermann 13"
	User time (seconds): 4.78
	System time (seconds): 0.02
	Percent of CPU this job got: 99%
	Elapsed (wall clock) time (h:mm:ss or m:ss): 0:04.83
	Average shared text size (kbytes): 0
	Average unshared data size (kbytes): 0
	Average stack size (kbytes): 0
	Average total size (kbytes): 0
	Maximum resident set size (kbytes): 58620
	Average resident set size (kbytes): 0
	Major (requiring I/O) page faults: 0
	Minor (reclaiming a frame) page faults: 12960
	Voluntary context switches: 586
	Involuntary context switches: 362
	Swaps: 0
	File system inputs: 0
	File system outputs: 104
	Socket messages sent: 0
	Socket messages received: 0
	Signals delivered: 0
	Page size (bytes): 4096
	Exit status: 0
Ack(3,13): 65533
	Command being timed: "java -Xss12m ackermann 13"
	User time (seconds): 4.73
	System time (seconds): 0.02
	Percent of CPU this job got: 99%
	Elapsed (wall clock) time (h:mm:ss or m:ss): 0:04.77
	Average shared text size (kbytes): 0
	Average unshared data size (kbytes): 0
	Average stack size (kbytes): 0
	Average total size (kbytes): 0
	Maximum resident set size (kbytes): 44988
	Average resident set size (kbytes): 0
	Major (requiring I/O) page faults: 0
	Minor (reclaiming a frame) page faults: 9116
	Voluntary context switches: 581
	Involuntary context switches: 357
	Swaps: 0
	File system inputs: 0
	File system outputs: 104
	Socket messages sent: 0
	Socket messages received: 0
	Signals delivered: 0
	Page size (bytes): 4096
	Exit status: 0
---------------------------------------------
Running 3 reps of java -Xss12m ackermann 15
Ack(3,15): 262141
	Command being timed: "java -Xss12m ackermann 15"
	User time (seconds): 75.15
	System time (seconds): 0.02
	Percent of CPU this job got: 99%
	Elapsed (wall clock) time (h:mm:ss or m:ss): 1:15.36
	Average shared text size (kbytes): 0
	Average unshared data size (kbytes): 0
	Average stack size (kbytes): 0
	Average total size (kbytes): 0
	Maximum resident set size (kbytes): 45316
	Average resident set size (kbytes): 0
	Major (requiring I/O) page faults: 0
	Minor (reclaiming a frame) page faults: 10157
	Voluntary context switches: 2103
	Involuntary context switches: 2027
	Swaps: 0
	File system inputs: 0
	File system outputs: 312
	Socket messages sent: 0
	Socket messages received: 0
	Signals delivered: 0
	Page size (bytes): 4096
	Exit status: 0
Ack(3,15): 262141
	Command being timed: "java -Xss12m ackermann 15"
	User time (seconds): 78.35
	System time (seconds): 0.03
	Percent of CPU this job got: 99%
	Elapsed (wall clock) time (h:mm:ss or m:ss): 1:18.59
	Average shared text size (kbytes): 0
	Average unshared data size (kbytes): 0
	Average stack size (kbytes): 0
	Average total size (kbytes): 0
	Maximum resident set size (kbytes): 45804
	Average resident set size (kbytes): 0
	Major (requiring I/O) page faults: 0
	Minor (reclaiming a frame) page faults: 10800
	Voluntary context switches: 2179
	Involuntary context switches: 2993
	Swaps: 0
	File system inputs: 0
	File system outputs: 184
	Socket messages sent: 0
	Socket messages received: 0
	Signals delivered: 0
	Page size (bytes): 4096
	Exit status: 0
Ack(3,15): 262141
	Command being timed: "java -Xss12m ackermann 15"
	User time (seconds): 77.85
	System time (seconds): 0.03
	Percent of CPU this job got: 99%
	Elapsed (wall clock) time (h:mm:ss or m:ss): 1:18.20
	Average shared text size (kbytes): 0
	Average unshared data size (kbytes): 0
	Average stack size (kbytes): 0
	Average total size (kbytes): 0
	Maximum resident set size (kbytes): 66836
	Average resident set size (kbytes): 0
	Major (requiring I/O) page faults: 0
	Minor (reclaiming a frame) page faults: 15465
	Voluntary context switches: 2174
	Involuntary context switches: 2105
	Swaps: 0
	File system inputs: 0
	File system outputs: 120
	Socket messages sent: 0
	Socket messages received: 0
	Signals delivered: 0
	Page size (bytes): 4096
	Exit status: 0
---------------------------------------------
Running 3 reps of java -Xss12m ackermann 16
Exception in thread "main" java.lang.StackOverflowError
	at ackermann.Ack(ackermann.java:17)
	at ackermann.Ack(ackermann.java:15)
	at ackermann.Ack(ackermann.java:15)
	at ackermann.Ack(ackermann.java:15)
	at ackermann.Ack(ackermann.java:15)
	at ackermann.Ack(ackermann.java:15)
	at ackermann.Ack(ackermann.java:15)
	at ackermann.Ack(ackermann.java:15)
	at ackermann.Ack(ackermann.java:15)
	at ackermann.Ack(ackermann.java:15)
	at ackermann.Ack(ackermann.java:15)
	at ackermann.Ack(ackermann.java:15)
	at ackermann.Ack(ackermann.java:15)
	at ackermann.Ack(ackermann.java:15)
	at ackermann.Ack(ackermann.java:15)
	at ackermann.Ack(ackermann.java:15)
	at ackermann.Ack(ackermann.java:15)
	at ackermann.Ack(ackermann.java:15)
	at ackermann.Ack(ackermann.java:15)
	at ackermann.Ack(ackermann.java:15)
	at ackermann.Ack(ackermann.java:15)
	at ackermann.Ack(ackermann.java:15)
	at ackermann.Ack(ackermann.java:15)
	at ackermann.Ack(ackermann.java:15)
	at ackermann.Ack(ackermann.java:15)
	at ackermann.Ack(ackermann.java:15)
	at ackermann.Ack(ackermann.java:15)
	at ackermann.Ack(ackermann.java:15)
	at ackermann.Ack(ackermann.java:15)
	at ackermann.Ack(ackermann.java:15)
	at ackermann.Ack(ackermann.java:15)
	at ackermann.Ack(ackermann.java:15)
	at ackermann.Ack(ackermann.java:15)
	at ackermann.Ack(ackermann.java:15)
	at ackermann.Ack(ackermann.java:15)
	at ackermann.Ack(ackermann.java:15)
	at ackermann.Ack(ackermann.java:15)
	at ackermann.Ack(ackermann.java:15)
	at ackermann.Ack(ackermann.java:15)
	at ackermann.Ack(ackermann.java:15)
	at ackermann.Ack(ackermann.java:15)
	at ackermann.Ack(ackermann.java:15)
	at ackermann.Ack(ackermann.java:15)
	at ackermann.Ack(ackermann.java:15)
	at ackermann.Ack(ackermann.java:15)
	at ackermann.Ack(ackermann.java:15)
	at ackermann.Ack(ackermann.java:15)
	at ackermann.Ack(ackermann.java:15)
	at ackermann.Ack(ackermann.java:15)
	at ackermann.Ack(ackermann.java:15)
	at ackermann.Ack(ackermann.java:15)
	at ackermann.Ack(ackermann.java:15)
	at ackermann.Ack(ackermann.java:15)
	at ackermann.Ack(ackermann.java:15)
	at ackermann.Ack(ackermann.java:15)
	at ackermann.Ack(ackermann.java:15)
	at ackermann.Ack(ackermann.java:15)
	at ackermann.Ack(ackermann.java:15)
	at ackermann.Ack(ackermann.java:15)
	at ackermann.Ack(ackermann.java:15)
	at ackermann.Ack(ackermann.java:15)
	at ackermann.Ack(ackermann.java:15)
	at ackermann.Ack(ackermann.java:15)
	at ackermann.Ack(ackermann.java:15)
	at ackermann.Ack(ackermann.java:15)
	at ackermann.Ack(ackermann.java:15)
	at ackermann.Ack(ackermann.java:15)
	at ackermann.Ack(ackermann.java:15)
	at ackermann.Ack(ackermann.java:15)
	at ackermann.Ack(ackermann.java:15)
	at ackermann.Ack(ackermann.java:15)
	at ackermann.Ack(ackermann.java:15)
	at ackermann.Ack(ackermann.java:15)
	at ackermann.Ack(ackermann.java:15)
	at ackermann.Ack(ackermann.java:15)
	at ackermann.Ack(ackermann.java:15)
	at ackermann.Ack(ackermann.java:15)
	at ackermann.Ack(ackermann.java:15)
	at ackermann.Ack(ackermann.java:15)
	at ackermann.Ack(ackermann.java:15)
	at ackermann.Ack(ackermann.java:15)
	at ackermann.Ack(ackermann.java:15)
	at ackermann.Ack(ackermann.java:15)
	at ackermann.Ack(ackermann.java:15)
	at ackermann.Ack(ackermann.java:15)
	at ackermann.Ack(ackermann.java:15)
	at ackermann.Ack(ackermann.java:15)
	at ackermann.Ack(ackermann.java:15)
	at ackermann.Ack(ackermann.java:15)
	at ackermann.Ack(ackermann.java:15)
	at ackermann.Ack(ackermann.java:15)
	at ackermann.Ack(ackermann.java:15)
	at ackermann.Ack(ackermann.java:15)
	at ackermann.Ack(ackermann.java:15)
	at ackermann.Ack(ackermann.java:15)
	at ackermann.Ack(ackermann.java:15)
	at ackermann.Ack(ackermann.java:15)
	at ackermann.Ack(ackermann.java:15)
	at ackermann.Ack(ackermann.java:15)
	at ackermann.Ack(ackermann.java:15)
	at ackermann.Ack(ackermann.java:15)
	at ackermann.Ack(ackermann.java:15)
	at ackermann.Ack(ackermann.java:15)
	at ackermann.Ack(ackermann.java:15)
	at ackermann.Ack(ackermann.java:15)
	at ackermann.Ack(ackermann.java:15)
	at ackermann.Ack(ackermann.java:15)
	at ackermann.Ack(ackermann.java:15)
	at ackermann.Ack(ackermann.java:15)
	at ackermann.Ack(ackermann.java:15)
	at ackermann.Ack(ackermann.java:15)
	at ackermann.Ack(ackermann.java:15)
	at ackermann.Ack(ackermann.java:15)
	at ackermann.Ack(ackermann.java:15)
	at ackermann.Ack(ackermann.java:15)
	at ackermann.Ack(ackermann.java:15)
	at ackermann.Ack(ackermann.java:15)
	at ackermann.Ack(ackermann.java:15)
	at ackermann.Ack(ackermann.java:15)
	at ackermann.Ack(ackermann.java:15)
	at ackermann.Ack(ackermann.java:15)
	at ackermann.Ack(ackermann.java:15)
	at ackermann.Ack(ackermann.java:15)
	at ackermann.Ack(ackermann.java:15)
	at ackermann.Ack(ackermann.java:15)
	at ackermann.Ack(ackermann.java:15)
	at ackermann.Ack(ackermann.java:15)
	at ackermann.Ack(ackermann.java:15)
	at ackermann.Ack(ackermann.java:15)
	at ackermann.Ack(ackermann.java:15)
	at ackermann.Ack(ackermann.java:15)
	at ackermann.Ack(ackermann.java:15)
	at ackermann.Ack(ackermann.java:15)
	at ackermann.Ack(ackermann.java:15)
	at ackermann.Ack(ackermann.java:15)
	at ackermann.Ack(ackermann.java:15)
	at ackermann.Ack(ackermann.java:15)
	at ackermann.Ack(ackermann.java:15)
	at ackermann.Ack(ackermann.java:15)
	at ackermann.Ack(ackermann.java:15)
	at ackermann.Ack(ackermann.java:15)
	at ackermann.Ack(ackermann.java:15)
	at ackermann.Ack(ackermann.java:15)
	at ackermann.Ack(ackermann.java:15)
	at ackermann.Ack(ackermann.java:15)
	at ackermann.Ack(ackermann.java:15)
	at ackermann.Ack(ackermann.java:15)
	at ackermann.Ack(ackermann.java:15)
	at ackermann.Ack(ackermann.java:15)
	at ackermann.Ack(ackermann.java:15)
	at ackermann.Ack(ackermann.java:15)
	at ackermann.Ack(ackermann.java:15)
	at ackermann.Ack(ackermann.java:15)
	at ackermann.Ack(ackermann.java:15)
	at ackermann.Ack(ackermann.java:15)
	at ackermann.Ack(ackermann.java:15)
	at ackermann.Ack(ackermann.java:15)
	at ackermann.Ack(ackermann.java:15)
	at ackermann.Ack(ackermann.java:15)
	at ackermann.Ack(ackermann.java:15)
	at ackermann.Ack(ackermann.java:15)
	at ackermann.Ack(ackermann.java:15)
	at ackermann.Ack(ackermann.java:15)
	at ackermann.Ack(ackermann.java:15)
	at ackermann.Ack(ackermann.java:15)
	at ackermann.Ack(ackermann.java:15)
	at ackermann.Ack(ackermann.java:15)
	at ackermann.Ack(ackermann.java:15)
	at ackermann.Ack(ackermann.java:15)
	at ackermann.Ack(ackermann.java:15)
	at ackermann.Ack(ackermann.java:15)
	at ackermann.Ack(ackermann.java:15)
	at ackermann.Ack(ackermann.java:15)
	at ackermann.Ack(ackermann.java:15)
	at ackermann.Ack(ackermann.java:15)
	at ackermann.Ack(ackermann.java:15)
	at ackermann.Ack(ackermann.java:15)
	at ackermann.Ack(ackermann.java:15)
	at ackermann.Ack(ackermann.java:15)
	at ackermann.Ack(ackermann.java:15)
	at ackermann.Ack(ackermann.java:15)
	at ackermann.Ack(ackermann.java:15)
	at ackermann.Ack(ackermann.java:15)
	at ackermann.Ack(ackermann.java:15)
	at ackermann.Ack(ackermann.java:15)
	at ackermann.Ack(ackermann.java:15)
	at ackermann.Ack(ackermann.java:15)
	at ackermann.Ack(ackermann.java:15)
	at ackermann.Ack(ackermann.java:15)
	at ackermann.Ack(ackermann.java:15)
	at ackermann.Ack(ackermann.java:15)
	at ackermann.Ack(ackermann.java:15)
	at ackermann.Ack(ackermann.java:15)
	at ackermann.Ack(ackermann.java:15)
	at ackermann.Ack(ackermann.java:15)
	at ackermann.Ack(ackermann.java:15)
	at ackermann.Ack(ackermann.java:15)
	at ackermann.Ack(ackermann.java:15)
	at ackermann.Ack(ackermann.java:15)
	at ackermann.Ack(ackermann.java:15)
	at ackermann.Ack(ackermann.java:15)
	at ackermann.Ack(ackermann.java:15)
	at ackermann.Ack(ackermann.java:15)
	at ackermann.Ack(ackermann.java:15)
	at ackermann.Ack(ackermann.java:15)
	at ackermann.Ack(ackermann.java:15)
	at ackermann.Ack(ackermann.java:15)
	at ackermann.Ack(ackermann.java:15)
	at ackermann.Ack(ackermann.java:15)
	at ackermann.Ack(ackermann.java:15)
	at ackermann.Ack(ackermann.java:15)
	at ackermann.Ack(ackermann.java:15)
	at ackermann.Ack(ackermann.java:15)
	at ackermann.Ack(ackermann.java:15)
	at ackermann.Ack(ackermann.java:15)
	at ackermann.Ack(ackermann.java:15)
	at ackermann.Ack(ackermann.java:15)
	at ackermann.Ack(ackermann.java:15)
	at ackermann.Ack(ackermann.java:15)
	at ackermann.Ack(ackermann.java:15)
	at ackermann.Ack(ackermann.java:15)
	at ackermann.Ack(ackermann.java:15)
	at ackermann.Ack(ackermann.java:15)
	at ackermann.Ack(ackermann.java:15)
	at ackermann.Ack(ackermann.java:15)
	at ackermann.Ack(ackermann.java:15)
	at ackermann.Ack(ackermann.java:15)
	at ackermann.Ack(ackermann.java:15)
	at ackermann.Ack(ackermann.java:15)
	at ackermann.Ack(ackermann.java:15)
	at ackermann.Ack(ackermann.java:15)
	at ackermann.Ack(ackermann.java:15)
	at ackermann.Ack(ackermann.java:15)
	at ackermann.Ack(ackermann.java:15)
	at ackermann.Ack(ackermann.java:15)
	at ackermann.Ack(ackermann.java:15)
	at ackermann.Ack(ackermann.java:15)
	at ackermann.Ack(ackermann.java:15)
	at ackermann.Ack(ackermann.java:15)
	at ackermann.Ack(ackermann.java:15)
	at ackermann.Ack(ackermann.java:15)
	at ackermann.Ack(ackermann.java:15)
	at ackermann.Ack(ackermann.java:15)
	at ackermann.Ack(ackermann.java:15)
	at ackermann.Ack(ackermann.java:15)
	at ackermann.Ack(ackermann.java:15)
	at ackermann.Ack(ackermann.java:15)
	at ackermann.Ack(ackermann.java:15)
	at ackermann.Ack(ackermann.java:15)
	at ackermann.Ack(ackermann.java:15)
	at ackermann.Ack(ackermann.java:15)
	at ackermann.Ack(ackermann.java:15)
	at ackermann.Ack(ackermann.java:15)
	at ackermann.Ack(ackermann.java:15)
	at ackermann.Ack(ackermann.java:15)
	at ackermann.Ack(ackermann.java:15)
	at ackermann.Ack(ackermann.java:15)
	at ackermann.Ack(ackermann.java:15)
	at ackermann.Ack(ackermann.java:15)
	at ackermann.Ack(ackermann.java:15)
	at ackermann.Ack(ackermann.java:15)
	at ackermann.Ack(ackermann.java:15)
	at ackermann.Ack(ackermann.java:15)
	at ackermann.Ack(ackermann.java:15)
	at ackermann.Ack(ackermann.java:15)
	at ackermann.Ack(ackermann.java:15)
	at ackermann.Ack(ackermann.java:15)
	at ackermann.Ack(ackermann.java:15)
	at ackermann.Ack(ackermann.java:15)
	at ackermann.Ack(ackermann.java:15)
	at ackermann.Ack(ackermann.java:15)
	at ackermann.Ack(ackermann.java:15)
	at ackermann.Ack(ackermann.java:15)
	at ackermann.Ack(ackermann.java:15)
	at ackermann.Ack(ackermann.java:15)
	at ackermann.Ack(ackermann.java:15)
	at ackermann.Ack(ackermann.java:15)
	at ackermann.Ack(ackermann.java:15)
	at ackermann.Ack(ackermann.java:15)
	at ackermann.Ack(ackermann.java:15)
	at ackermann.Ack(ackermann.java:15)
	at ackermann.Ack(ackermann.java:15)
	at ackermann.Ack(ackermann.java:15)
	at ackermann.Ack(ackermann.java:15)
	at ackermann.Ack(ackermann.java:15)
	at ackermann.Ack(ackermann.java:15)
	at ackermann.Ack(ackermann.java:15)
	at ackermann.Ack(ackermann.java:15)
	at ackermann.Ack(ackermann.java:15)
	at ackermann.Ack(ackermann.java:15)
	at ackermann.Ack(ackermann.java:15)
	at ackermann.Ack(ackermann.java:15)
	at ackermann.Ack(ackermann.java:15)
	at ackermann.Ack(ackermann.java:15)
	at ackermann.Ack(ackermann.java:15)
	at ackermann.Ack(ackermann.java:15)
	at ackermann.Ack(ackermann.java:15)
	at ackermann.Ack(ackermann.java:15)
	at ackermann.Ack(ackermann.java:15)
	at ackermann.Ack(ackermann.java:15)
	at ackermann.Ack(ackermann.java:15)
	at ackermann.Ack(ackermann.java:15)
	at ackermann.Ack(ackermann.java:15)
	at ackermann.Ack(ackermann.java:15)
	at ackermann.Ack(ackermann.java:15)
	at ackermann.Ack(ackermann.java:15)
	at ackermann.Ack(ackermann.java:15)
	at ackermann.Ack(ackermann.java:15)
	at ackermann.Ack(ackermann.java:15)
	at ackermann.Ack(ackermann.java:15)
	at ackermann.Ack(ackermann.java:15)
	at ackermann.Ack(ackermann.java:15)
	at ackermann.Ack(ackermann.java:15)
	at ackermann.Ack(ackermann.java:15)
	at ackermann.Ack(ackermann.java:15)
	at ackermann.Ack(ackermann.java:15)
	at ackermann.Ack(ackermann.java:15)
	at ackermann.Ack(ackermann.java:15)
	at ackermann.Ack(ackermann.java:15)
	at ackermann.Ack(ackermann.java:15)
	at ackermann.Ack(ackermann.java:15)
	at ackermann.Ack(ackermann.java:15)
	at ackermann.Ack(ackermann.java:15)
	at ackermann.Ack(ackermann.java:15)
	at ackermann.Ack(ackermann.java:15)
	at ackermann.Ack(ackermann.java:15)
	at ackermann.Ack(ackermann.java:15)
	at ackermann.Ack(ackermann.java:15)
	at ackermann.Ack(ackermann.java:15)
	at ackermann.Ack(ackermann.java:15)
	at ackermann.Ack(ackermann.java:15)
	at ackermann.Ack(ackermann.java:15)
	at ackermann.Ack(ackermann.java:15)
	at ackermann.Ack(ackermann.java:15)
	at ackermann.Ack(ackermann.java:15)
	at ackermann.Ack(ackermann.java:15)
	at ackermann.Ack(ackermann.java:15)
	at ackermann.Ack(ackermann.java:15)
	at ackermann.Ack(ackermann.java:15)
	at ackermann.Ack(ackermann.java:15)
	at ackermann.Ack(ackermann.java:15)
	at ackermann.Ack(ackermann.java:15)
	at ackermann.Ack(ackermann.java:15)
	at ackermann.Ack(ackermann.java:15)
	at ackermann.Ack(ackermann.java:15)
	at ackermann.Ack(ackermann.java:15)
	at ackermann.Ack(ackermann.java:15)
	at ackermann.Ack(ackermann.java:15)
	at ackermann.Ack(ackermann.java:15)
	at ackermann.Ack(ackermann.java:15)
	at ackermann.Ack(ackermann.java:15)
	at ackermann.Ack(ackermann.java:15)
	at ackermann.Ack(ackermann.java:15)
	at ackermann.Ack(ackermann.java:15)
	at ackermann.Ack(ackermann.java:15)
	at ackermann.Ack(ackermann.java:15)
	at ackermann.Ack(ackermann.java:15)
	at ackermann.Ack(ackermann.java:15)
	at ackermann.Ack(ackermann.java:15)
	at ackermann.Ack(ackermann.java:15)
	at ackermann.Ack(ackermann.java:15)
	at ackermann.Ack(ackermann.java:15)
	at ackermann.Ack(ackermann.java:15)
	at ackermann.Ack(ackermann.java:15)
	at ackermann.Ack(ackermann.java:15)
	at ackermann.Ack(ackermann.java:15)
	at ackermann.Ack(ackermann.java:15)
	at ackermann.Ack(ackermann.java:15)
	at ackermann.Ack(ackermann.java:15)
	at ackermann.Ack(ackermann.java:15)
	at ackermann.Ack(ackermann.java:15)
	at ackermann.Ack(ackermann.java:15)
	at ackermann.Ack(ackermann.java:15)
	at ackermann.Ack(ackermann.java:15)
	at ackermann.Ack(ackermann.java:15)
	at ackermann.Ack(ackermann.java:15)
	at ackermann.Ack(ackermann.java:15)
	at ackermann.Ack(ackermann.java:15)
	at ackermann.Ack(ackermann.java:15)
	at ackermann.Ack(ackermann.java:15)
	at ackermann.Ack(ackermann.java:15)
	at ackermann.Ack(ackermann.java:15)
	at ackermann.Ack(ackermann.java:15)
	at ackermann.Ack(ackermann.java:15)
	at ackermann.Ack(ackermann.java:15)
	at ackermann.Ack(ackermann.java:15)
	at ackermann.Ack(ackermann.java:15)
	at ackermann.Ack(ackermann.java:15)
	at ackermann.Ack(ackermann.java:15)
	at ackermann.Ack(ackermann.java:15)
	at ackermann.Ack(ackermann.java:15)
	at ackermann.Ack(ackermann.java:15)
	at ackermann.Ack(ackermann.java:15)
	at ackermann.Ack(ackermann.java:15)
	at ackermann.Ack(ackermann.java:15)
	at ackermann.Ack(ackermann.java:15)
	at ackermann.Ack(ackermann.java:15)
	at ackermann.Ack(ackermann.java:15)
	at ackermann.Ack(ackermann.java:15)
	at ackermann.Ack(ackermann.java:15)
	at ackermann.Ack(ackermann.java:15)
	at ackermann.Ack(ackermann.java:15)
	at ackermann.Ack(ackermann.java:15)
	at ackermann.Ack(ackermann.java:15)
	at ackermann.Ack(ackermann.java:15)
	at ackermann.Ack(ackermann.java:15)
	at ackermann.Ack(ackermann.java:15)
	at ackermann.Ack(ackermann.java:15)
	at ackermann.Ack(ackermann.java:15)
	at ackermann.Ack(ackermann.java:15)
	at ackermann.Ack(ackermann.java:15)
	at ackermann.Ack(ackermann.java:15)
	at ackermann.Ack(ackermann.java:15)
	at ackermann.Ack(ackermann.java:15)
	at ackermann.Ack(ackermann.java:15)
	at ackermann.Ack(ackermann.java:15)
	at ackermann.Ack(ackermann.java:15)
	at ackermann.Ack(ackermann.java:15)
	at ackermann.Ack(ackermann.java:15)
	at ackermann.Ack(ackermann.java:15)
	at ackermann.Ack(ackermann.java:15)
	at ackermann.Ack(ackermann.java:15)
	at ackermann.Ack(ackermann.java:15)
	at ackermann.Ack(ackermann.java:15)
	at ackermann.Ack(ackermann.java:15)
	at ackermann.Ack(ackermann.java:15)
	at ackermann.Ack(ackermann.java:15)
	at ackermann.Ack(ackermann.java:15)
	at ackermann.Ack(ackermann.java:15)
	at ackermann.Ack(ackermann.java:15)
	at ackermann.Ack(ackermann.java:15)
	at ackermann.Ack(ackermann.java:15)
	at ackermann.Ack(ackermann.java:15)
	at ackermann.Ack(ackermann.java:15)
	at ackermann.Ack(ackermann.java:15)
	at ackermann.Ack(ackermann.java:15)
	at ackermann.Ack(ackermann.java:15)
	at ackermann.Ack(ackermann.java:15)
	at ackermann.Ack(ackermann.java:15)
	at ackermann.Ack(ackermann.java:15)
	at ackermann.Ack(ackermann.java:15)
	at ackermann.Ack(ackermann.java:15)
	at ackermann.Ack(ackermann.java:15)
	at ackermann.Ack(ackermann.java:15)
	at ackermann.Ack(ackermann.java:15)
	at ackermann.Ack(ackermann.java:15)
	at ackermann.Ack(ackermann.java:15)
	at ackermann.Ack(ackermann.java:15)
	at ackermann.Ack(ackermann.java:15)
	at ackermann.Ack(ackermann.java:15)
	at ackermann.Ack(ackermann.java:15)
	at ackermann.Ack(ackermann.java:15)
	at ackermann.Ack(ackermann.java:15)
	at ackermann.Ack(ackermann.java:15)
	at ackermann.Ack(ackermann.java:15)
	at ackermann.Ack(ackermann.java:15)
	at ackermann.Ack(ackermann.java:15)
	at ackermann.Ack(ackermann.java:15)
	at ackermann.Ack(ackermann.java:15)
	at ackermann.Ack(ackermann.java:15)
	at ackermann.Ack(ackermann.java:15)
	at ackermann.Ack(ackermann.java:15)
	at ackermann.Ack(ackermann.java:15)
	at ackermann.Ack(ackermann.java:15)
	at ackermann.Ack(ackermann.java:15)
	at ackermann.Ack(ackermann.java:15)
	at ackermann.Ack(ackermann.java:15)
	at ackermann.Ack(ackermann.java:15)
	at ackermann.Ack(ackermann.java:15)
	at ackermann.Ack(ackermann.java:15)
	at ackermann.Ack(ackermann.java:15)
	at ackermann.Ack(ackermann.java:15)
	at ackermann.Ack(ackermann.java:15)
	at ackermann.Ack(ackermann.java:15)
	at ackermann.Ack(ackermann.java:15)
	at ackermann.Ack(ackermann.java:15)
	at ackermann.Ack(ackermann.java:15)
	at ackermann.Ack(ackermann.java:15)
	at ackermann.Ack(ackermann.java:15)
	at ackermann.Ack(ackermann.java:15)
	at ackermann.Ack(ackermann.java:15)
	at ackermann.Ack(ackermann.java:15)
	at ackermann.Ack(ackermann.java:15)
	at ackermann.Ack(ackermann.java:15)
	at ackermann.Ack(ackermann.java:15)
	at ackermann.Ack(ackermann.java:15)
	at ackermann.Ack(ackermann.java:15)
	at ackermann.Ack(ackermann.java:15)
	at ackermann.Ack(ackermann.java:15)
	at ackermann.Ack(ackermann.java:15)
	at ackermann.Ack(ackermann.java:15)
	at ackermann.Ack(ackermann.java:15)
	at ackermann.Ack(ackermann.java:15)
	at ackermann.Ack(ackermann.java:15)
	at ackermann.Ack(ackermann.java:15)
	at ackermann.Ack(ackermann.java:15)
	at ackermann.Ack(ackermann.java:15)
	at ackermann.Ack(ackermann.java:15)
	at ackermann.Ack(ackermann.java:15)
	at ackermann.Ack(ackermann.java:15)
	at ackermann.Ack(ackermann.java:15)
	at ackermann.Ack(ackermann.java:15)
	at ackermann.Ack(ackermann.java:15)
	at ackermann.Ack(ackermann.java:15)
	at ackermann.Ack(ackermann.java:15)
	at ackermann.Ack(ackermann.java:15)
	at ackermann.Ack(ackermann.java:15)
	at ackermann.Ack(ackermann.java:15)
	at ackermann.Ack(ackermann.java:15)
	at ackermann.Ack(ackermann.java:15)
	at ackermann.Ack(ackermann.java:15)
	at ackermann.Ack(ackermann.java:15)
	at ackermann.Ack(ackermann.java:15)
	at ackermann.Ack(ackermann.java:15)
	at ackermann.Ack(ackermann.java:15)
	at ackermann.Ack(ackermann.java:15)
	at ackermann.Ack(ackermann.java:15)
	at ackermann.Ack(ackermann.java:15)
	at ackermann.Ack(ackermann.java:15)
	at ackermann.Ack(ackermann.java:15)
	at ackermann.Ack(ackermann.java:15)
	at ackermann.Ack(ackermann.java:15)
	at ackermann.Ack(ackermann.java:15)
	at ackermann.Ack(ackermann.java:15)
	at ackermann.Ack(ackermann.java:15)
	at ackermann.Ack(ackermann.java:15)
	at ackermann.Ack(ackermann.java:15)
	at ackermann.Ack(ackermann.java:15)
	at ackermann.Ack(ackermann.java:15)
	at ackermann.Ack(ackermann.java:15)
	at ackermann.Ack(ackermann.java:15)
	at ackermann.Ack(ackermann.java:15)
	at ackermann.Ack(ackermann.java:15)
	at ackermann.Ack(ackermann.java:15)
	at ackermann.Ack(ackermann.java:15)
	at ackermann.Ack(ackermann.java:15)
	at ackermann.Ack(ackermann.java:15)
	at ackermann.Ack(ackermann.java:15)
	at ackermann.Ack(ackermann.java:15)
	at ackermann.Ack(ackermann.java:15)
	at ackermann.Ack(ackermann.java:15)
	at ackermann.Ack(ackermann.java:15)
	at ackermann.Ack(ackermann.java:15)
	at ackermann.Ack(ackermann.java:15)
	at ackermann.Ack(ackermann.java:15)
	at ackermann.Ack(ackermann.java:15)
	at ackermann.Ack(ackermann.java:15)
	at ackermann.Ack(ackermann.java:15)
	at ackermann.Ack(ackermann.java:15)
	at ackermann.Ack(ackermann.java:15)
	at ackermann.Ack(ackermann.java:15)
	at ackermann.Ack(ackermann.java:15)
	at ackermann.Ack(ackermann.java:15)
	at ackermann.Ack(ackermann.java:15)
	at ackermann.Ack(ackermann.java:15)
	at ackermann.Ack(ackermann.java:15)
	at ackermann.Ack(ackermann.java:15)
	at ackermann.Ack(ackermann.java:15)
	at ackermann.Ack(ackermann.java:15)
	at ackermann.Ack(ackermann.java:15)
	at ackermann.Ack(ackermann.java:15)
	at ackermann.Ack(ackermann.java:15)
	at ackermann.Ack(ackermann.java:15)
	at ackermann.Ack(ackermann.java:15)
	at ackermann.Ack(ackermann.java:15)
	at ackermann.Ack(ackermann.java:15)
	at ackermann.Ack(ackermann.java:15)
	at ackermann.Ack(ackermann.java:15)
	at ackermann.Ack(ackermann.java:15)
	at ackermann.Ack(ackermann.java:15)
	at ackermann.Ack(ackermann.java:15)
	at ackermann.Ack(ackermann.java:15)
	at ackermann.Ack(ackermann.java:15)
	at ackermann.Ack(ackermann.java:15)
	at ackermann.Ack(ackermann.java:15)
	at ackermann.Ack(ackermann.java:15)
	at ackermann.Ack(ackermann.java:15)
	at ackermann.Ack(ackermann.java:15)
	at ackermann.Ack(ackermann.java:15)
	at ackermann.Ack(ackermann.java:15)
	at ackermann.Ack(ackermann.java:15)
	at ackermann.Ack(ackermann.java:15)
	at ackermann.Ack(ackermann.java:15)
	at ackermann.Ack(ackermann.java:15)
	at ackermann.Ack(ackermann.java:15)
	at ackermann.Ack(ackermann.java:15)
	at ackermann.Ack(ackermann.java:15)
	at ackermann.Ack(ackermann.java:15)
	at ackermann.Ack(ackermann.java:15)
	at ackermann.Ack(ackermann.java:15)
	at ackermann.Ack(ackermann.java:15)
	at ackermann.Ack(ackermann.java:15)
	at ackermann.Ack(ackermann.java:15)
	at ackermann.Ack(ackermann.java:15)
	at ackermann.Ack(ackermann.java:15)
	at ackermann.Ack(ackermann.java:15)
	at ackermann.Ack(ackermann.java:15)
	at ackermann.Ack(ackermann.java:15)
	at ackermann.Ack(ackermann.java:15)
	at ackermann.Ack(ackermann.java:15)
	at ackermann.Ack(ackermann.java:15)
	at ackermann.Ack(ackermann.java:15)
	at ackermann.Ack(ackermann.java:15)
	at ackermann.Ack(ackermann.java:15)
	at ackermann.Ack(ackermann.java:15)
	at ackermann.Ack(ackermann.java:15)
	at ackermann.Ack(ackermann.java:15)
	at ackermann.Ack(ackermann.java:15)
	at ackermann.Ack(ackermann.java:15)
	at ackermann.Ack(ackermann.java:15)
	at ackermann.Ack(ackermann.java:15)
	at ackermann.Ack(ackermann.java:15)
	at ackermann.Ack(ackermann.java:15)
	at ackermann.Ack(ackermann.java:15)
	at ackermann.Ack(ackermann.java:15)
	at ackermann.Ack(ackermann.java:15)
	at ackermann.Ack(ackermann.java:15)
	at ackermann.Ack(ackermann.java:15)
	at ackermann.Ack(ackermann.java:15)
	at ackermann.Ack(ackermann.java:15)
	at ackermann.Ack(ackermann.java:15)
	at ackermann.Ack(ackermann.java:15)
	at ackermann.Ack(ackermann.java:15)
	at ackermann.Ack(ackermann.java:15)
	at ackermann.Ack(ackermann.java:15)
	at ackermann.Ack(ackermann.java:15)
	at ackermann.Ack(ackermann.java:15)
	at ackermann.Ack(ackermann.java:15)
	at ackermann.Ack(ackermann.java:15)
	at ackermann.Ack(ackermann.java:15)
	at ackermann.Ack(ackermann.java:15)
	at ackermann.Ack(ackermann.java:15)
	at ackermann.Ack(ackermann.java:15)
	at ackermann.Ack(ackermann.java:15)
	at ackermann.Ack(ackermann.java:15)
	at ackermann.Ack(ackermann.java:15)
	at ackermann.Ack(ackermann.java:15)
	at ackermann.Ack(ackermann.java:15)
	at ackermann.Ack(ackermann.java:15)
	at ackermann.Ack(ackermann.java:15)
	at ackermann.Ack(ackermann.java:15)
	at ackermann.Ack(ackermann.java:15)
	at ackermann.Ack(ackermann.java:15)
	at ackermann.Ack(ackermann.java:15)
	at ackermann.Ack(ackermann.java:15)
	at ackermann.Ack(ackermann.java:15)
	at ackermann.Ack(ackermann.java:15)
	at ackermann.Ack(ackermann.java:15)
	at ackermann.Ack(ackermann.java:15)
	at ackermann.Ack(ackermann.java:15)
	at ackermann.Ack(ackermann.java:15)
	at ackermann.Ack(ackermann.java:15)
	at ackermann.Ack(ackermann.java:15)
	at ackermann.Ack(ackermann.java:15)
	at ackermann.Ack(ackermann.java:15)
	at ackermann.Ack(ackermann.java:15)
	at ackermann.Ack(ackermann.java:15)
	at ackermann.Ack(ackermann.java:15)
	at ackermann.Ack(ackermann.java:15)
	at ackermann.Ack(ackermann.java:15)
	at ackermann.Ack(ackermann.java:15)
	at ackermann.Ack(ackermann.java:15)
	at ackermann.Ack(ackermann.java:15)
	at ackermann.Ack(ackermann.java:15)
	at ackermann.Ack(ackermann.java:15)
	at ackermann.Ack(ackermann.java:15)
	at ackermann.Ack(ackermann.java:15)
	at ackermann.Ack(ackermann.java:15)
	at ackermann.Ack(ackermann.java:15)
	at ackermann.Ack(ackermann.java:15)
	at ackermann.Ack(ackermann.java:15)
	at ackermann.Ack(ackermann.java:15)
	at ackermann.Ack(ackermann.java:15)
	at ackermann.Ack(ackermann.java:15)
	at ackermann.Ack(ackermann.java:15)
	at ackermann.Ack(ackermann.java:15)
	at ackermann.Ack(ackermann.java:15)
	at ackermann.Ack(ackermann.java:15)
	at ackermann.Ack(ackermann.java:15)
	at ackermann.Ack(ackermann.java:15)
	at ackermann.Ack(ackermann.java:15)
	at ackermann.Ack(ackermann.java:15)
	at ackermann.Ack(ackermann.java:15)
	at ackermann.Ack(ackermann.java:15)
	at ackermann.Ack(ackermann.java:15)
	at ackermann.Ack(ackermann.java:15)
	at ackermann.Ack(ackermann.java:15)
	at ackermann.Ack(ackermann.java:15)
	at ackermann.Ack(ackermann.java:15)
	at ackermann.Ack(ackermann.java:15)
	at ackermann.Ack(ackermann.java:15)
	at ackermann.Ack(ackermann.java:15)
	at ackermann.Ack(ackermann.java:15)
	at ackermann.Ack(ackermann.java:15)
	at ackermann.Ack(ackermann.java:15)
	at ackermann.Ack(ackermann.java:15)
	at ackermann.Ack(ackermann.java:15)
	at ackermann.Ack(ackermann.java:15)
	at ackermann.Ack(ackermann.java:15)
	at ackermann.Ack(ackermann.java:15)
	at ackermann.Ack(ackermann.java:15)
	at ackermann.Ack(ackermann.java:15)
	at ackermann.Ack(ackermann.java:15)
	at ackermann.Ack(ackermann.java:15)
	at ackermann.Ack(ackermann.java:15)
	at ackermann.Ack(ackermann.java:15)
	at ackermann.Ack(ackermann.java:15)
	at ackermann.Ack(ackermann.java:15)
	at ackermann.Ack(ackermann.java:15)
	at ackermann.Ack(ackermann.java:15)
	at ackermann.Ack(ackermann.java:15)
	at ackermann.Ack(ackermann.java:15)
	at ackermann.Ack(ackermann.java:15)
	at ackermann.Ack(ackermann.java:15)
	at ackermann.Ack(ackermann.java:15)
	at ackermann.Ack(ackermann.java:15)
	at ackermann.Ack(ackermann.java:15)
	at ackermann.Ack(ackermann.java:15)
	at ackermann.Ack(ackermann.java:15)
	at ackermann.Ack(ackermann.java:15)
	at ackermann.Ack(ackermann.java:15)
	at ackermann.Ack(ackermann.java:15)
	at ackermann.Ack(ackermann.java:15)
	at ackermann.Ack(ackermann.java:15)
	at ackermann.Ack(ackermann.java:15)
	at ackermann.Ack(ackermann.java:15)
	at ackermann.Ack(ackermann.java:15)
	at ackermann.Ack(ackermann.java:15)
	at ackermann.Ack(ackermann.java:15)
	at ackermann.Ack(ackermann.java:15)
	at ackermann.Ack(ackermann.java:15)
	at ackermann.Ack(ackermann.java:15)
	at ackermann.Ack(ackermann.java:15)
	at ackermann.Ack(ackermann.java:15)
	at ackermann.Ack(ackermann.java:15)
	at ackermann.Ack(ackermann.java:15)
	at ackermann.Ack(ackermann.java:15)
	at ackermann.Ack(ackermann.java:15)
	at ackermann.Ack(ackermann.java:15)
	at ackermann.Ack(ackermann.java:15)
	at ackermann.Ack(ackermann.java:15)
	at ackermann.Ack(ackermann.java:15)
	at ackermann.Ack(ackermann.java:15)
	at ackermann.Ack(ackermann.java:15)
	at ackermann.Ack(ackermann.java:15)
	at ackermann.Ack(ackermann.java:15)
	at ackermann.Ack(ackermann.java:15)
	at ackermann.Ack(ackermann.java:15)
	at ackermann.Ack(ackermann.java:15)
	at ackermann.Ack(ackermann.java:15)
	at ackermann.Ack(ackermann.java:15)
	at ackermann.Ack(ackermann.java:15)
	at ackermann.Ack(ackermann.java:15)
	at ackermann.Ack(ackermann.java:15)
	at ackermann.Ack(ackermann.java:15)
	at ackermann.Ack(ackermann.java:15)
	at ackermann.Ack(ackermann.java:15)
	at ackermann.Ack(ackermann.java:15)
	at ackermann.Ack(ackermann.java:15)
	at ackermann.Ack(ackermann.java:15)
	at ackermann.Ack(ackermann.java:15)
	at ackermann.Ack(ackermann.java:15)
	at ackermann.Ack(ackermann.java:15)
	at ackermann.Ack(ackermann.java:15)
	at ackermann.Ack(ackermann.java:15)
	at ackermann.Ack(ackermann.java:15)
	at ackermann.Ack(ackermann.java:15)
	at ackermann.Ack(ackermann.java:15)
	at ackermann.Ack(ackermann.java:15)
	at ackermann.Ack(ackermann.java:15)
	at ackermann.Ack(ackermann.java:15)
	at ackermann.Ack(ackermann.java:15)
	at ackermann.Ack(ackermann.java:15)
	at ackermann.Ack(ackermann.java:15)
	at ackermann.Ack(ackermann.java:15)
	at ackermann.Ack(ackermann.java:15)
	at ackermann.Ack(ackermann.java:15)
	at ackermann.Ack(ackermann.java:15)
	at ackermann.Ack(ackermann.java:15)
	at ackermann.Ack(ackermann.java:15)
	at ackermann.Ack(ackermann.java:15)
	at ackermann.Ack(ackermann.java:15)
	at ackermann.Ack(ackermann.java:15)
	at ackermann.Ack(ackermann.java:15)
	at ackermann.Ack(ackermann.java:15)
	at ackermann.Ack(ackermann.java:15)
	at ackermann.Ack(ackermann.java:15)
	at ackermann.Ack(ackermann.java:15)
	at ackermann.Ack(ackermann.java:15)
	at ackermann.Ack(ackermann.java:15)
	at ackermann.Ack(ackermann.java:15)
	at ackermann.Ack(ackermann.java:15)
	at ackermann.Ack(ackermann.java:15)
	at ackermann.Ack(ackermann.java:15)
	at ackermann.Ack(ackermann.java:15)
	at ackermann.Ack(ackermann.java:15)
	at ackermann.Ack(ackermann.java:15)
	at ackermann.Ack(ackermann.java:15)
	at ackermann.Ack(ackermann.java:15)
	at ackermann.Ack(ackermann.java:15)
	at ackermann.Ack(ackermann.java:15)
	at ackermann.Ack(ackermann.java:15)
	at ackermann.Ack(ackermann.java:15)
	at ackermann.Ack(ackermann.java:15)
	at ackermann.Ack(ackermann.java:15)
	at ackermann.Ack(ackermann.java:15)
	at ackermann.Ack(ackermann.java:15)
	at ackermann.Ack(ackermann.java:15)
	at ackermann.Ack(ackermann.java:15)
	at ackermann.Ack(ackermann.java:15)
	at ackermann.Ack(ackermann.java:15)
	at ackermann.Ack(ackermann.java:15)
	at ackermann.Ack(ackermann.java:15)
	at ackermann.Ack(ackermann.java:15)
	at ackermann.Ack(ackermann.java:15)
	at ackermann.Ack(ackermann.java:15)
	at ackermann.Ack(ackermann.java:15)
	at ackermann.Ack(ackermann.java:15)
	at ackermann.Ack(ackermann.java:15)
	at ackermann.Ack(ackermann.java:15)
	at ackermann.Ack(ackermann.java:15)
	at ackermann.Ack(ackermann.java:15)
	at ackermann.Ack(ackermann.java:15)
	at ackermann.Ack(ackermann.java:15)
	at ackermann.Ack(ackermann.java:15)
	at ackermann.Ack(ackermann.java:15)
	at ackermann.Ack(ackermann.java:15)
	at ackermann.Ack(ackermann.java:15)
	at ackermann.Ack(ackermann.java:15)
	at ackermann.Ack(ackermann.java:15)
	at ackermann.Ack(ackermann.java:15)
	at ackermann.Ack(ackermann.java:15)
	at ackermann.Ack(ackermann.java:15)
	at ackermann.Ack(ackermann.java:15)
	at ackermann.Ack(ackermann.java:15)
	at ackermann.Ack(ackermann.java:15)
	at ackermann.Ack(ackermann.java:15)
	at ackermann.Ack(ackermann.java:15)
	at ackermann.Ack(ackermann.java:15)
	at ackermann.Ack(ackermann.java:15)
	at ackermann.Ack(ackermann.java:15)
	at ackermann.Ack(ackermann.java:15)
	at ackermann.Ack(ackermann.java:15)
	at ackermann.Ack(ackermann.java:15)
	at ackermann.Ack(ackermann.java:15)
	at ackermann.Ack(ackermann.java:15)
	at ackermann.Ack(ackermann.java:15)
	at ackermann.Ack(ackermann.java:15)
	at ackermann.Ack(ackermann.java:15)
	at ackermann.Ack(ackermann.java:15)
	at ackermann.Ack(ackermann.java:15)
	at ackermann.Ack(ackermann.java:15)
	at ackermann.Ack(ackermann.java:15)
	at ackermann.Ack(ackermann.java:15)
	at ackermann.Ack(ackermann.java:15)
	at ackermann.Ack(ackermann.java:15)
	at ackermann.Ack(ackermann.java:15)
	at ackermann.Ack(ackermann.java:15)
	at ackermann.Ack(ackermann.java:15)
	at ackermann.Ack(ackermann.java:15)
	at ackermann.Ack(ackermann.java:15)
	at ackermann.Ack(ackermann.java:15)
	at ackermann.Ack(ackermann.java:15)
	at ackermann.Ack(ackermann.java:15)
	at ackermann.Ack(ackermann.java:15)
	at ackermann.Ack(ackermann.java:15)
	at ackermann.Ack(ackermann.java:15)
	at ackermann.Ack(ackermann.java:15)
	at ackermann.Ack(ackermann.java:15)
	at ackermann.Ack(ackermann.java:15)
	at ackermann.Ack(ackermann.java:15)
	at ackermann.Ack(ackermann.java:15)
	at ackermann.Ack(ackermann.java:15)
	at ackermann.Ack(ackermann.java:15)
	at ackermann.Ack(ackermann.java:15)
	at ackermann.Ack(ackermann.java:15)
	at ackermann.Ack(ackermann.java:15)
	at ackermann.Ack(ackermann.java:15)
	at ackermann.Ack(ackermann.java:15)
	at ackermann.Ack(ackermann.java:15)
	at ackermann.Ack(ackermann.java:15)
	at ackermann.Ack(ackermann.java:15)
	at ackermann.Ack(ackermann.java:15)
	at ackermann.Ack(ackermann.java:15)
	at ackermann.Ack(ackermann.java:15)
	at ackermann.Ack(ackermann.java:15)
	at ackermann.Ack(ackermann.java:15)
	at ackermann.Ack(ackermann.java:15)
	at ackermann.Ack(ackermann.java:15)
	at ackermann.Ack(ackermann.java:15)
	at ackermann.Ack(ackermann.java:15)
	at ackermann.Ack(ackermann.java:15)
	at ackermann.Ack(ackermann.java:15)
	at ackermann.Ack(ackermann.java:15)
	at ackermann.Ack(ackermann.java:15)
	at ackermann.Ack(ackermann.java:15)
	at ackermann.Ack(ackermann.java:15)
	at ackermann.Ack(ackermann.java:15)
	at ackermann.Ack(ackermann.java:15)
	at ackermann.Ack(ackermann.java:15)
	at ackermann.Ack(ackermann.java:15)
	at ackermann.Ack(ackermann.java:15)
	at ackermann.Ack(ackermann.java:15)
	at ackermann.Ack(ackermann.java:15)
	at ackermann.Ack(ackermann.java:15)
	at ackermann.Ack(ackermann.java:15)
	at ackermann.Ack(ackermann.java:15)
	at ackermann.Ack(ackermann.java:15)
	at ackermann.Ack(ackermann.java:15)
	at ackermann.Ack(ackermann.java:15)
	at ackermann.Ack(ackermann.java:15)
	at ackermann.Ack(ackermann.java:15)
	at ackermann.Ack(ackermann.java:15)
	at ackermann.Ack(ackermann.java:15)
	at ackermann.Ack(ackermann.java:15)
	at ackermann.Ack(ackermann.java:15)
	at ackermann.Ack(ackermann.java:15)
	at ackermann.Ack(ackermann.java:15)
	at ackermann.Ack(ackermann.java:15)
	at ackermann.Ack(ackermann.java:15)
	at ackermann.Ack(ackermann.java:15)
	at ackermann.Ack(ackermann.java:15)
	at ackermann.Ack(ackermann.java:15)
	at ackermann.Ack(ackermann.java:15)
	at ackermann.Ack(ackermann.java:15)
	at ackermann.Ack(ackermann.java:15)
	at ackermann.Ack(ackermann.java:15)
	at ackermann.Ack(ackermann.java:15)
	at ackermann.Ack(ackermann.java:15)
	at ackermann.Ack(ackermann.java:15)
	at ackermann.Ack(ackermann.java:15)
	at ackermann.Ack(ackermann.java:15)
	at ackermann.Ack(ackermann.java:15)
	at ackermann.Ack(ackermann.java:15)
	at ackermann.Ack(ackermann.java:15)
	at ackermann.Ack(ackermann.java:15)
	at ackermann.Ack(ackermann.java:15)
	at ackermann.Ack(ackermann.java:15)
	at ackermann.Ack(ackermann.java:15)
	at ackermann.Ack(ackermann.java:15)
	at ackermann.Ack(ackermann.java:15)
	at ackermann.Ack(ackermann.java:15)
	at ackermann.Ack(ackermann.java:15)
	at ackermann.Ack(ackermann.java:15)
	at ackermann.Ack(ackermann.java:15)
	at ackermann.Ack(ackermann.java:15)
	at ackermann.Ack(ackermann.java:15)
	at ackermann.Ack(ackermann.java:15)
	at ackermann.Ack(ackermann.java:15)
	at ackermann.Ack(ackermann.java:15)
	at ackermann.Ack(ackermann.java:15)
	at ackermann.Ack(ackermann.java:15)
	at ackermann.Ack(ackermann.java:15)
	at ackermann.Ack(ackermann.java:15)
	at ackermann.Ack(ackermann.java:15)
	at ackermann.Ack(ackermann.java:15)
	at ackermann.Ack(ackermann.java:15)
	at ackermann.Ack(ackermann.java:15)
	at ackermann.Ack(ackermann.java:15)
	at ackermann.Ack(ackermann.java:15)
	at ackermann.Ack(ackermann.java:15)
	at ackermann.Ack(ackermann.java:15)
	at ackermann.Ack(ackermann.java:15)
	at ackermann.Ack(ackermann.java:15)
	at ackermann.Ack(ackermann.java:15)
	at ackermann.Ack(ackermann.java:15)
	at ackermann.Ack(ackermann.java:15)
	at ackermann.Ack(ackermann.java:15)
	at ackermann.Ack(ackermann.java:15)
	at ackermann.Ack(ackermann.java:15)
	at ackermann.Ack(ackermann.java:15)
	at ackermann.Ack(ackermann.java:15)
	at ackermann.Ack(ackermann.java:15)
	at ackermann.Ack(ackermann.java:15)
	at ackermann.Ack(ackermann.java:15)
	at ackermann.Ack(ackermann.java:15)
	at ackermann.Ack(ackermann.java:15)
	at ackermann.Ack(ackermann.java:15)
	at ackermann.Ack(ackermann.java:15)
	at ackermann.Ack(ackermann.java:15)
	at ackermann.Ack(ackermann.java:15)
	at ackermann.Ack(ackermann.java:15)
	at ackermann.Ack(ackermann.java:15)
	at ackermann.Ack(ackermann.java:15)
	at ackermann.Ack(ackermann.java:15)
	at ackermann.Ack(ackermann.java:15)
	at ackermann.Ack(ackermann.java:15)
	at ackermann.Ack(ackermann.java:15)
	at ackermann.Ack(ackermann.java:15)
	at ackermann.Ack(ackermann.java:15)
	at ackermann.Ack(ackermann.java:15)
	at ackermann.Ack(ackermann.java:15)
	at ackermann.Ack(ackermann.java:15)
	at ackermann.Ack(ackermann.java:15)
	at ackermann.Ack(ackermann.java:15)
	at ackermann.Ack(ackermann.java:15)
	at ackermann.Ack(ackermann.java:15)
	at ackermann.Ack(ackermann.java:15)
	at ackermann.Ack(ackermann.java:15)
	at ackermann.Ack(ackermann.java:15)
	at ackermann.Ack(ackermann.java:15)
	at ackermann.Ack(ackermann.java:15)
	at ackermann.Ack(ackermann.java:15)
	at ackermann.Ack(ackermann.java:15)
	at ackermann.Ack(ackermann.java:15)
	at ackermann.Ack(ackermann.java:15)
	at ackermann.Ack(ackermann.java:15)
	at ackermann.Ack(ackermann.java:15)
	at ackermann.Ack(ackermann.java:15)
	at ackermann.Ack(ackermann.java:15)
	at ackermann.Ack(ackermann.java:15)
	at ackermann.Ack(ackermann.java:15)
	at ackermann.Ack(ackermann.java:15)
	at ackermann.Ack(ackermann.java:15)
	at ackermann.Ack(ackermann.java:15)
	at ackermann.Ack(ackermann.java:15)
	at ackermann.Ack(ackermann.java:15)
	at ackermann.Ack(ackermann.java:15)
	at ackermann.Ack(ackermann.java:15)
	at ackermann.Ack(ackermann.java:15)
	at ackermann.Ack(ackermann.java:15)
	at ackermann.Ack(ackermann.java:15)
	at ackermann.Ack(ackermann.java:15)
	at ackermann.Ack(ackermann.java:15)
Command exited with non-zero status 1
	Command being timed: "java -Xss12m ackermann 16"
	User time (seconds): 297.94
	System time (seconds): 0.05
	Percent of CPU this job got: 99%
	Elapsed (wall clock) time (h:mm:ss or m:ss): 4:58.83
	Average shared text size (kbytes): 0
	Average unshared data size (kbytes): 0
	Average stack size (kbytes): 0
	Average total size (kbytes): 0
	Maximum resident set size (kbytes): 95752
	Average resident set size (kbytes): 0
	Major (requiring I/O) page faults: 0
	Minor (reclaiming a frame) page faults: 22955
	Voluntary context switches: 7276
	Involuntary context switches: 7133
	Swaps: 0
	File system inputs: 0
	File system outputs: 4536
	Socket messages sent: 0
	Socket messages received: 0
	Signals delivered: 0
	Page size (bytes): 4096
	Exit status: 1
Exception in thread "main" java.lang.StackOverflowError
	at ackermann.Ack(ackermann.java:17)
	at ackermann.Ack(ackermann.java:15)
	at ackermann.Ack(ackermann.java:15)
	at ackermann.Ack(ackermann.java:15)
	at ackermann.Ack(ackermann.java:15)
	at ackermann.Ack(ackermann.java:15)
	at ackermann.Ack(ackermann.java:15)
	at ackermann.Ack(ackermann.java:15)
	at ackermann.Ack(ackermann.java:15)
	at ackermann.Ack(ackermann.java:15)
	at ackermann.Ack(ackermann.java:15)
	at ackermann.Ack(ackermann.java:15)
	at ackermann.Ack(ackermann.java:15)
	at ackermann.Ack(ackermann.java:15)
	at ackermann.Ack(ackermann.java:15)
	at ackermann.Ack(ackermann.java:15)
	at ackermann.Ack(ackermann.java:15)
	at ackermann.Ack(ackermann.java:15)
	at ackermann.Ack(ackermann.java:15)
	at ackermann.Ack(ackermann.java:15)
	at ackermann.Ack(ackermann.java:15)
	at ackermann.Ack(ackermann.java:15)
	at ackermann.Ack(ackermann.java:15)
	at ackermann.Ack(ackermann.java:15)
	at ackermann.Ack(ackermann.java:15)
	at ackermann.Ack(ackermann.java:15)
	at ackermann.Ack(ackermann.java:15)
	at ackermann.Ack(ackermann.java:15)
	at ackermann.Ack(ackermann.java:15)
	at ackermann.Ack(ackermann.java:15)
	at ackermann.Ack(ackermann.java:15)
	at ackermann.Ack(ackermann.java:15)
	at ackermann.Ack(ackermann.java:15)
	at ackermann.Ack(ackermann.java:15)
	at ackermann.Ack(ackermann.java:15)
	at ackermann.Ack(ackermann.java:15)
	at ackermann.Ack(ackermann.java:15)
	at ackermann.Ack(ackermann.java:15)
	at ackermann.Ack(ackermann.java:15)
	at ackermann.Ack(ackermann.java:15)
	at ackermann.Ack(ackermann.java:15)
	at ackermann.Ack(ackermann.java:15)
	at ackermann.Ack(ackermann.java:15)
	at ackermann.Ack(ackermann.java:15)
	at ackermann.Ack(ackermann.java:15)
	at ackermann.Ack(ackermann.java:15)
	at ackermann.Ack(ackermann.java:15)
	at ackermann.Ack(ackermann.java:15)
	at ackermann.Ack(ackermann.java:15)
	at ackermann.Ack(ackermann.java:15)
	at ackermann.Ack(ackermann.java:15)
	at ackermann.Ack(ackermann.java:15)
	at ackermann.Ack(ackermann.java:15)
	at ackermann.Ack(ackermann.java:15)
	at ackermann.Ack(ackermann.java:15)
	at ackermann.Ack(ackermann.java:15)
	at ackermann.Ack(ackermann.java:15)
	at ackermann.Ack(ackermann.java:15)
	at ackermann.Ack(ackermann.java:15)
	at ackermann.Ack(ackermann.java:15)
	at ackermann.Ack(ackermann.java:15)
	at ackermann.Ack(ackermann.java:15)
	at ackermann.Ack(ackermann.java:15)
	at ackermann.Ack(ackermann.java:15)
	at ackermann.Ack(ackermann.java:15)
	at ackermann.Ack(ackermann.java:15)
	at ackermann.Ack(ackermann.java:15)
	at ackermann.Ack(ackermann.java:15)
	at ackermann.Ack(ackermann.java:15)
	at ackermann.Ack(ackermann.java:15)
	at ackermann.Ack(ackermann.java:15)
	at ackermann.Ack(ackermann.java:15)
	at ackermann.Ack(ackermann.java:15)
	at ackermann.Ack(ackermann.java:15)
	at ackermann.Ack(ackermann.java:15)
	at ackermann.Ack(ackermann.java:15)
	at ackermann.Ack(ackermann.java:15)
	at ackermann.Ack(ackermann.java:15)
	at ackermann.Ack(ackermann.java:15)
	at ackermann.Ack(ackermann.java:15)
	at ackermann.Ack(ackermann.java:15)
	at ackermann.Ack(ackermann.java:15)
	at ackermann.Ack(ackermann.java:15)
	at ackermann.Ack(ackermann.java:15)
	at ackermann.Ack(ackermann.java:15)
	at ackermann.Ack(ackermann.java:15)
	at ackermann.Ack(ackermann.java:15)
	at ackermann.Ack(ackermann.java:15)
	at ackermann.Ack(ackermann.java:15)
	at ackermann.Ack(ackermann.java:15)
	at ackermann.Ack(ackermann.java:15)
	at ackermann.Ack(ackermann.java:15)
	at ackermann.Ack(ackermann.java:15)
	at ackermann.Ack(ackermann.java:15)
	at ackermann.Ack(ackermann.java:15)
	at ackermann.Ack(ackermann.java:15)
	at ackermann.Ack(ackermann.java:15)
	at ackermann.Ack(ackermann.java:15)
	at ackermann.Ack(ackermann.java:15)
	at ackermann.Ack(ackermann.java:15)
	at ackermann.Ack(ackermann.java:15)
	at ackermann.Ack(ackermann.java:15)
	at ackermann.Ack(ackermann.java:15)
	at ackermann.Ack(ackermann.java:15)
	at ackermann.Ack(ackermann.java:15)
	at ackermann.Ack(ackermann.java:15)
	at ackermann.Ack(ackermann.java:15)
	at ackermann.Ack(ackermann.java:15)
	at ackermann.Ack(ackermann.java:15)
	at ackermann.Ack(ackermann.java:15)
	at ackermann.Ack(ackermann.java:15)
	at ackermann.Ack(ackermann.java:15)
	at ackermann.Ack(ackermann.java:15)
	at ackermann.Ack(ackermann.java:15)
	at ackermann.Ack(ackermann.java:15)
	at ackermann.Ack(ackermann.java:15)
	at ackermann.Ack(ackermann.java:15)
	at ackermann.Ack(ackermann.java:15)
	at ackermann.Ack(ackermann.java:15)
	at ackermann.Ack(ackermann.java:15)
	at ackermann.Ack(ackermann.java:15)
	at ackermann.Ack(ackermann.java:15)
	at ackermann.Ack(ackermann.java:15)
	at ackermann.Ack(ackermann.java:15)
	at ackermann.Ack(ackermann.java:15)
	at ackermann.Ack(ackermann.java:15)
	at ackermann.Ack(ackermann.java:15)
	at ackermann.Ack(ackermann.java:15)
	at ackermann.Ack(ackermann.java:15)
	at ackermann.Ack(ackermann.java:15)
	at ackermann.Ack(ackermann.java:15)
	at ackermann.Ack(ackermann.java:15)
	at ackermann.Ack(ackermann.java:15)
	at ackermann.Ack(ackermann.java:15)
	at ackermann.Ack(ackermann.java:15)
	at ackermann.Ack(ackermann.java:15)
	at ackermann.Ack(ackermann.java:15)
	at ackermann.Ack(ackermann.java:15)
	at ackermann.Ack(ackermann.java:15)
	at ackermann.Ack(ackermann.java:15)
	at ackermann.Ack(ackermann.java:15)
	at ackermann.Ack(ackermann.java:15)
	at ackermann.Ack(ackermann.java:15)
	at ackermann.Ack(ackermann.java:15)
	at ackermann.Ack(ackermann.java:15)
	at ackermann.Ack(ackermann.java:15)
	at ackermann.Ack(ackermann.java:15)
	at ackermann.Ack(ackermann.java:15)
	at ackermann.Ack(ackermann.java:15)
	at ackermann.Ack(ackermann.java:15)
	at ackermann.Ack(ackermann.java:15)
	at ackermann.Ack(ackermann.java:15)
	at ackermann.Ack(ackermann.java:15)
	at ackermann.Ack(ackermann.java:15)
	at ackermann.Ack(ackermann.java:15)
	at ackermann.Ack(ackermann.java:15)
	at ackermann.Ack(ackermann.java:15)
	at ackermann.Ack(ackermann.java:15)
	at ackermann.Ack(ackermann.java:15)
	at ackermann.Ack(ackermann.java:15)
	at ackermann.Ack(ackermann.java:15)
	at ackermann.Ack(ackermann.java:15)
	at ackermann.Ack(ackermann.java:15)
	at ackermann.Ack(ackermann.java:15)
	at ackermann.Ack(ackermann.java:15)
	at ackermann.Ack(ackermann.java:15)
	at ackermann.Ack(ackermann.java:15)
	at ackermann.Ack(ackermann.java:15)
	at ackermann.Ack(ackermann.java:15)
	at ackermann.Ack(ackermann.java:15)
	at ackermann.Ack(ackermann.java:15)
	at ackermann.Ack(ackermann.java:15)
	at ackermann.Ack(ackermann.java:15)
	at ackermann.Ack(ackermann.java:15)
	at ackermann.Ack(ackermann.java:15)
	at ackermann.Ack(ackermann.java:15)
	at ackermann.Ack(ackermann.java:15)
	at ackermann.Ack(ackermann.java:15)
	at ackermann.Ack(ackermann.java:15)
	at ackermann.Ack(ackermann.java:15)
	at ackermann.Ack(ackermann.java:15)
	at ackermann.Ack(ackermann.java:15)
	at ackermann.Ack(ackermann.java:15)
	at ackermann.Ack(ackermann.java:15)
	at ackermann.Ack(ackermann.java:15)
	at ackermann.Ack(ackermann.java:15)
	at ackermann.Ack(ackermann.java:15)
	at ackermann.Ack(ackermann.java:15)
	at ackermann.Ack(ackermann.java:15)
	at ackermann.Ack(ackermann.java:15)
	at ackermann.Ack(ackermann.java:15)
	at ackermann.Ack(ackermann.java:15)
	at ackermann.Ack(ackermann.java:15)
	at ackermann.Ack(ackermann.java:15)
	at ackermann.Ack(ackermann.java:15)
	at ackermann.Ack(ackermann.java:15)
	at ackermann.Ack(ackermann.java:15)
	at ackermann.Ack(ackermann.java:15)
	at ackermann.Ack(ackermann.java:15)
	at ackermann.Ack(ackermann.java:15)
	at ackermann.Ack(ackermann.java:15)
	at ackermann.Ack(ackermann.java:15)
	at ackermann.Ack(ackermann.java:15)
	at ackermann.Ack(ackermann.java:15)
	at ackermann.Ack(ackermann.java:15)
	at ackermann.Ack(ackermann.java:15)
	at ackermann.Ack(ackermann.java:15)
	at ackermann.Ack(ackermann.java:15)
	at ackermann.Ack(ackermann.java:15)
	at ackermann.Ack(ackermann.java:15)
	at ackermann.Ack(ackermann.java:15)
	at ackermann.Ack(ackermann.java:15)
	at ackermann.Ack(ackermann.java:15)
	at ackermann.Ack(ackermann.java:15)
	at ackermann.Ack(ackermann.java:15)
	at ackermann.Ack(ackermann.java:15)
	at ackermann.Ack(ackermann.java:15)
	at ackermann.Ack(ackermann.java:15)
	at ackermann.Ack(ackermann.java:15)
	at ackermann.Ack(ackermann.java:15)
	at ackermann.Ack(ackermann.java:15)
	at ackermann.Ack(ackermann.java:15)
	at ackermann.Ack(ackermann.java:15)
	at ackermann.Ack(ackermann.java:15)
	at ackermann.Ack(ackermann.java:15)
	at ackermann.Ack(ackermann.java:15)
	at ackermann.Ack(ackermann.java:15)
	at ackermann.Ack(ackermann.java:15)
	at ackermann.Ack(ackermann.java:15)
	at ackermann.Ack(ackermann.java:15)
	at ackermann.Ack(ackermann.java:15)
	at ackermann.Ack(ackermann.java:15)
	at ackermann.Ack(ackermann.java:15)
	at ackermann.Ack(ackermann.java:15)
	at ackermann.Ack(ackermann.java:15)
	at ackermann.Ack(ackermann.java:15)
	at ackermann.Ack(ackermann.java:15)
	at ackermann.Ack(ackermann.java:15)
	at ackermann.Ack(ackermann.java:15)
	at ackermann.Ack(ackermann.java:15)
	at ackermann.Ack(ackermann.java:15)
	at ackermann.Ack(ackermann.java:15)
	at ackermann.Ack(ackermann.java:15)
	at ackermann.Ack(ackermann.java:15)
	at ackermann.Ack(ackermann.java:15)
	at ackermann.Ack(ackermann.java:15)
	at ackermann.Ack(ackermann.java:15)
	at ackermann.Ack(ackermann.java:15)
	at ackermann.Ack(ackermann.java:15)
	at ackermann.Ack(ackermann.java:15)
	at ackermann.Ack(ackermann.java:15)
	at ackermann.Ack(ackermann.java:15)
	at ackermann.Ack(ackermann.java:15)
	at ackermann.Ack(ackermann.java:15)
	at ackermann.Ack(ackermann.java:15)
	at ackermann.Ack(ackermann.java:15)
	at ackermann.Ack(ackermann.java:15)
	at ackermann.Ack(ackermann.java:15)
	at ackermann.Ack(ackermann.java:15)
	at ackermann.Ack(ackermann.java:15)
	at ackermann.Ack(ackermann.java:15)
	at ackermann.Ack(ackermann.java:15)
	at ackermann.Ack(ackermann.java:15)
	at ackermann.Ack(ackermann.java:15)
	at ackermann.Ack(ackermann.java:15)
	at ackermann.Ack(ackermann.java:15)
	at ackermann.Ack(ackermann.java:15)
	at ackermann.Ack(ackermann.java:15)
	at ackermann.Ack(ackermann.java:15)
	at ackermann.Ack(ackermann.java:15)
	at ackermann.Ack(ackermann.java:15)
	at ackermann.Ack(ackermann.java:15)
	at ackermann.Ack(ackermann.java:15)
	at ackermann.Ack(ackermann.java:15)
	at ackermann.Ack(ackermann.java:15)
	at ackermann.Ack(ackermann.java:15)
	at ackermann.Ack(ackermann.java:15)
	at ackermann.Ack(ackermann.java:15)
	at ackermann.Ack(ackermann.java:15)
	at ackermann.Ack(ackermann.java:15)
	at ackermann.Ack(ackermann.java:15)
	at ackermann.Ack(ackermann.java:15)
	at ackermann.Ack(ackermann.java:15)
	at ackermann.Ack(ackermann.java:15)
	at ackermann.Ack(ackermann.java:15)
	at ackermann.Ack(ackermann.java:15)
	at ackermann.Ack(ackermann.java:15)
	at ackermann.Ack(ackermann.java:15)
	at ackermann.Ack(ackermann.java:15)
	at ackermann.Ack(ackermann.java:15)
	at ackermann.Ack(ackermann.java:15)
	at ackermann.Ack(ackermann.java:15)
	at ackermann.Ack(ackermann.java:15)
	at ackermann.Ack(ackermann.java:15)
	at ackermann.Ack(ackermann.java:15)
	at ackermann.Ack(ackermann.java:15)
	at ackermann.Ack(ackermann.java:15)
	at ackermann.Ack(ackermann.java:15)
	at ackermann.Ack(ackermann.java:15)
	at ackermann.Ack(ackermann.java:15)
	at ackermann.Ack(ackermann.java:15)
	at ackermann.Ack(ackermann.java:15)
	at ackermann.Ack(ackermann.java:15)
	at ackermann.Ack(ackermann.java:15)
	at ackermann.Ack(ackermann.java:15)
	at ackermann.Ack(ackermann.java:15)
	at ackermann.Ack(ackermann.java:15)
	at ackermann.Ack(ackermann.java:15)
	at ackermann.Ack(ackermann.java:15)
	at ackermann.Ack(ackermann.java:15)
	at ackermann.Ack(ackermann.java:15)
	at ackermann.Ack(ackermann.java:15)
	at ackermann.Ack(ackermann.java:15)
	at ackermann.Ack(ackermann.java:15)
	at ackermann.Ack(ackermann.java:15)
	at ackermann.Ack(ackermann.java:15)
	at ackermann.Ack(ackermann.java:15)
	at ackermann.Ack(ackermann.java:15)
	at ackermann.Ack(ackermann.java:15)
	at ackermann.Ack(ackermann.java:15)
	at ackermann.Ack(ackermann.java:15)
	at ackermann.Ack(ackermann.java:15)
	at ackermann.Ack(ackermann.java:15)
	at ackermann.Ack(ackermann.java:15)
	at ackermann.Ack(ackermann.java:15)
	at ackermann.Ack(ackermann.java:15)
	at ackermann.Ack(ackermann.java:15)
	at ackermann.Ack(ackermann.java:15)
	at ackermann.Ack(ackermann.java:15)
	at ackermann.Ack(ackermann.java:15)
	at ackermann.Ack(ackermann.java:15)
	at ackermann.Ack(ackermann.java:15)
	at ackermann.Ack(ackermann.java:15)
	at ackermann.Ack(ackermann.java:15)
	at ackermann.Ack(ackermann.java:15)
	at ackermann.Ack(ackermann.java:15)
	at ackermann.Ack(ackermann.java:15)
	at ackermann.Ack(ackermann.java:15)
	at ackermann.Ack(ackermann.java:15)
	at ackermann.Ack(ackermann.java:15)
	at ackermann.Ack(ackermann.java:15)
	at ackermann.Ack(ackermann.java:15)
	at ackermann.Ack(ackermann.java:15)
	at ackermann.Ack(ackermann.java:15)
	at ackermann.Ack(ackermann.java:15)
	at ackermann.Ack(ackermann.java:15)
	at ackermann.Ack(ackermann.java:15)
	at ackermann.Ack(ackermann.java:15)
	at ackermann.Ack(ackermann.java:15)
	at ackermann.Ack(ackermann.java:15)
	at ackermann.Ack(ackermann.java:15)
	at ackermann.Ack(ackermann.java:15)
	at ackermann.Ack(ackermann.java:15)
	at ackermann.Ack(ackermann.java:15)
	at ackermann.Ack(ackermann.java:15)
	at ackermann.Ack(ackermann.java:15)
	at ackermann.Ack(ackermann.java:15)
	at ackermann.Ack(ackermann.java:15)
	at ackermann.Ack(ackermann.java:15)
	at ackermann.Ack(ackermann.java:15)
	at ackermann.Ack(ackermann.java:15)
	at ackermann.Ack(ackermann.java:15)
	at ackermann.Ack(ackermann.java:15)
	at ackermann.Ack(ackermann.java:15)
	at ackermann.Ack(ackermann.java:15)
	at ackermann.Ack(ackermann.java:15)
	at ackermann.Ack(ackermann.java:15)
	at ackermann.Ack(ackermann.java:15)
	at ackermann.Ack(ackermann.java:15)
	at ackermann.Ack(ackermann.java:15)
	at ackermann.Ack(ackermann.java:15)
	at ackermann.Ack(ackermann.java:15)
	at ackermann.Ack(ackermann.java:15)
	at ackermann.Ack(ackermann.java:15)
	at ackermann.Ack(ackermann.java:15)
	at ackermann.Ack(ackermann.java:15)
	at ackermann.Ack(ackermann.java:15)
	at ackermann.Ack(ackermann.java:15)
	at ackermann.Ack(ackermann.java:15)
	at ackermann.Ack(ackermann.java:15)
	at ackermann.Ack(ackermann.java:15)
	at ackermann.Ack(ackermann.java:15)
	at ackermann.Ack(ackermann.java:15)
	at ackermann.Ack(ackermann.java:15)
	at ackermann.Ack(ackermann.java:15)
	at ackermann.Ack(ackermann.java:15)
	at ackermann.Ack(ackermann.java:15)
	at ackermann.Ack(ackermann.java:15)
	at ackermann.Ack(ackermann.java:15)
	at ackermann.Ack(ackermann.java:15)
	at ackermann.Ack(ackermann.java:15)
	at ackermann.Ack(ackermann.java:15)
	at ackermann.Ack(ackermann.java:15)
	at ackermann.Ack(ackermann.java:15)
	at ackermann.Ack(ackermann.java:15)
	at ackermann.Ack(ackermann.java:15)
	at ackermann.Ack(ackermann.java:15)
	at ackermann.Ack(ackermann.java:15)
	at ackermann.Ack(ackermann.java:15)
	at ackermann.Ack(ackermann.java:15)
	at ackermann.Ack(ackermann.java:15)
	at ackermann.Ack(ackermann.java:15)
	at ackermann.Ack(ackermann.java:15)
	at ackermann.Ack(ackermann.java:15)
	at ackermann.Ack(ackermann.java:15)
	at ackermann.Ack(ackermann.java:15)
	at ackermann.Ack(ackermann.java:15)
	at ackermann.Ack(ackermann.java:15)
	at ackermann.Ack(ackermann.java:15)
	at ackermann.Ack(ackermann.java:15)
	at ackermann.Ack(ackermann.java:15)
	at ackermann.Ack(ackermann.java:15)
	at ackermann.Ack(ackermann.java:15)
	at ackermann.Ack(ackermann.java:15)
	at ackermann.Ack(ackermann.java:15)
	at ackermann.Ack(ackermann.java:15)
	at ackermann.Ack(ackermann.java:15)
	at ackermann.Ack(ackermann.java:15)
	at ackermann.Ack(ackermann.java:15)
	at ackermann.Ack(ackermann.java:15)
	at ackermann.Ack(ackermann.java:15)
	at ackermann.Ack(ackermann.java:15)
	at ackermann.Ack(ackermann.java:15)
	at ackermann.Ack(ackermann.java:15)
	at ackermann.Ack(ackermann.java:15)
	at ackermann.Ack(ackermann.java:15)
	at ackermann.Ack(ackermann.java:15)
	at ackermann.Ack(ackermann.java:15)
	at ackermann.Ack(ackermann.java:15)
	at ackermann.Ack(ackermann.java:15)
	at ackermann.Ack(ackermann.java:15)
	at ackermann.Ack(ackermann.java:15)
	at ackermann.Ack(ackermann.java:15)
	at ackermann.Ack(ackermann.java:15)
	at ackermann.Ack(ackermann.java:15)
	at ackermann.Ack(ackermann.java:15)
	at ackermann.Ack(ackermann.java:15)
	at ackermann.Ack(ackermann.java:15)
	at ackermann.Ack(ackermann.java:15)
	at ackermann.Ack(ackermann.java:15)
	at ackermann.Ack(ackermann.java:15)
	at ackermann.Ack(ackermann.java:15)
	at ackermann.Ack(ackermann.java:15)
	at ackermann.Ack(ackermann.java:15)
	at ackermann.Ack(ackermann.java:15)
	at ackermann.Ack(ackermann.java:15)
	at ackermann.Ack(ackermann.java:15)
	at ackermann.Ack(ackermann.java:15)
	at ackermann.Ack(ackermann.java:15)
	at ackermann.Ack(ackermann.java:15)
	at ackermann.Ack(ackermann.java:15)
	at ackermann.Ack(ackermann.java:15)
	at ackermann.Ack(ackermann.java:15)
	at ackermann.Ack(ackermann.java:15)
	at ackermann.Ack(ackermann.java:15)
	at ackermann.Ack(ackermann.java:15)
	at ackermann.Ack(ackermann.java:15)
	at ackermann.Ack(ackermann.java:15)
	at ackermann.Ack(ackermann.java:15)
	at ackermann.Ack(ackermann.java:15)
	at ackermann.Ack(ackermann.java:15)
	at ackermann.Ack(ackermann.java:15)
	at ackermann.Ack(ackermann.java:15)
	at ackermann.Ack(ackermann.java:15)
	at ackermann.Ack(ackermann.java:15)
	at ackermann.Ack(ackermann.java:15)
	at ackermann.Ack(ackermann.java:15)
	at ackermann.Ack(ackermann.java:15)
	at ackermann.Ack(ackermann.java:15)
	at ackermann.Ack(ackermann.java:15)
	at ackermann.Ack(ackermann.java:15)
	at ackermann.Ack(ackermann.java:15)
	at ackermann.Ack(ackermann.java:15)
	at ackermann.Ack(ackermann.java:15)
	at ackermann.Ack(ackermann.java:15)
	at ackermann.Ack(ackermann.java:15)
	at ackermann.Ack(ackermann.java:15)
	at ackermann.Ack(ackermann.java:15)
	at ackermann.Ack(ackermann.java:15)
	at ackermann.Ack(ackermann.java:15)
	at ackermann.Ack(ackermann.java:15)
	at ackermann.Ack(ackermann.java:15)
	at ackermann.Ack(ackermann.java:15)
	at ackermann.Ack(ackermann.java:15)
	at ackermann.Ack(ackermann.java:15)
	at ackermann.Ack(ackermann.java:15)
	at ackermann.Ack(ackermann.java:15)
	at ackermann.Ack(ackermann.java:15)
	at ackermann.Ack(ackermann.java:15)
	at ackermann.Ack(ackermann.java:15)
	at ackermann.Ack(ackermann.java:15)
	at ackermann.Ack(ackermann.java:15)
	at ackermann.Ack(ackermann.java:15)
	at ackermann.Ack(ackermann.java:15)
	at ackermann.Ack(ackermann.java:15)
	at ackermann.Ack(ackermann.java:15)
	at ackermann.Ack(ackermann.java:15)
	at ackermann.Ack(ackermann.java:15)
	at ackermann.Ack(ackermann.java:15)
	at ackermann.Ack(ackermann.java:15)
	at ackermann.Ack(ackermann.java:15)
	at ackermann.Ack(ackermann.java:15)
	at ackermann.Ack(ackermann.java:15)
	at ackermann.Ack(ackermann.java:15)
	at ackermann.Ack(ackermann.java:15)
	at ackermann.Ack(ackermann.java:15)
	at ackermann.Ack(ackermann.java:15)
	at ackermann.Ack(ackermann.java:15)
	at ackermann.Ack(ackermann.java:15)
	at ackermann.Ack(ackermann.java:15)
	at ackermann.Ack(ackermann.java:15)
	at ackermann.Ack(ackermann.java:15)
	at ackermann.Ack(ackermann.java:15)
	at ackermann.Ack(ackermann.java:15)
	at ackermann.Ack(ackermann.java:15)
	at ackermann.Ack(ackermann.java:15)
	at ackermann.Ack(ackermann.java:15)
	at ackermann.Ack(ackermann.java:15)
	at ackermann.Ack(ackermann.java:15)
	at ackermann.Ack(ackermann.java:15)
	at ackermann.Ack(ackermann.java:15)
	at ackermann.Ack(ackermann.java:15)
	at ackermann.Ack(ackermann.java:15)
	at ackermann.Ack(ackermann.java:15)
	at ackermann.Ack(ackermann.java:15)
	at ackermann.Ack(ackermann.java:15)
	at ackermann.Ack(ackermann.java:15)
	at ackermann.Ack(ackermann.java:15)
	at ackermann.Ack(ackermann.java:15)
	at ackermann.Ack(ackermann.java:15)
	at ackermann.Ack(ackermann.java:15)
	at ackermann.Ack(ackermann.java:15)
	at ackermann.Ack(ackermann.java:15)
	at ackermann.Ack(ackermann.java:15)
	at ackermann.Ack(ackermann.java:15)
	at ackermann.Ack(ackermann.java:15)
	at ackermann.Ack(ackermann.java:15)
	at ackermann.Ack(ackermann.java:15)
	at ackermann.Ack(ackermann.java:15)
	at ackermann.Ack(ackermann.java:15)
	at ackermann.Ack(ackermann.java:15)
	at ackermann.Ack(ackermann.java:15)
	at ackermann.Ack(ackermann.java:15)
	at ackermann.Ack(ackermann.java:15)
	at ackermann.Ack(ackermann.java:15)
	at ackermann.Ack(ackermann.java:15)
	at ackermann.Ack(ackermann.java:15)
	at ackermann.Ack(ackermann.java:15)
	at ackermann.Ack(ackermann.java:15)
	at ackermann.Ack(ackermann.java:15)
	at ackermann.Ack(ackermann.java:15)
	at ackermann.Ack(ackermann.java:15)
	at ackermann.Ack(ackermann.java:15)
	at ackermann.Ack(ackermann.java:15)
	at ackermann.Ack(ackermann.java:15)
	at ackermann.Ack(ackermann.java:15)
	at ackermann.Ack(ackermann.java:15)
	at ackermann.Ack(ackermann.java:15)
	at ackermann.Ack(ackermann.java:15)
	at ackermann.Ack(ackermann.java:15)
	at ackermann.Ack(ackermann.java:15)
	at ackermann.Ack(ackermann.java:15)
	at ackermann.Ack(ackermann.java:15)
	at ackermann.Ack(ackermann.java:15)
	at ackermann.Ack(ackermann.java:15)
	at ackermann.Ack(ackermann.java:15)
	at ackermann.Ack(ackermann.java:15)
	at ackermann.Ack(ackermann.java:15)
	at ackermann.Ack(ackermann.java:15)
	at ackermann.Ack(ackermann.java:15)
	at ackermann.Ack(ackermann.java:15)
	at ackermann.Ack(ackermann.java:15)
	at ackermann.Ack(ackermann.java:15)
	at ackermann.Ack(ackermann.java:15)
	at ackermann.Ack(ackermann.java:15)
	at ackermann.Ack(ackermann.java:15)
	at ackermann.Ack(ackermann.java:15)
	at ackermann.Ack(ackermann.java:15)
	at ackermann.Ack(ackermann.java:15)
	at ackermann.Ack(ackermann.java:15)
	at ackermann.Ack(ackermann.java:15)
	at ackermann.Ack(ackermann.java:15)
	at ackermann.Ack(ackermann.java:15)
	at ackermann.Ack(ackermann.java:15)
	at ackermann.Ack(ackermann.java:15)
	at ackermann.Ack(ackermann.java:15)
	at ackermann.Ack(ackermann.java:15)
	at ackermann.Ack(ackermann.java:15)
	at ackermann.Ack(ackermann.java:15)
	at ackermann.Ack(ackermann.java:15)
	at ackermann.Ack(ackermann.java:15)
	at ackermann.Ack(ackermann.java:15)
	at ackermann.Ack(ackermann.java:15)
	at ackermann.Ack(ackermann.java:15)
	at ackermann.Ack(ackermann.java:15)
	at ackermann.Ack(ackermann.java:15)
	at ackermann.Ack(ackermann.java:15)
	at ackermann.Ack(ackermann.java:15)
	at ackermann.Ack(ackermann.java:15)
	at ackermann.Ack(ackermann.java:15)
	at ackermann.Ack(ackermann.java:15)
	at ackermann.Ack(ackermann.java:15)
	at ackermann.Ack(ackermann.java:15)
	at ackermann.Ack(ackermann.java:15)
	at ackermann.Ack(ackermann.java:15)
	at ackermann.Ack(ackermann.java:15)
	at ackermann.Ack(ackermann.java:15)
	at ackermann.Ack(ackermann.java:15)
	at ackermann.Ack(ackermann.java:15)
	at ackermann.Ack(ackermann.java:15)
	at ackermann.Ack(ackermann.java:15)
	at ackermann.Ack(ackermann.java:15)
	at ackermann.Ack(ackermann.java:15)
	at ackermann.Ack(ackermann.java:15)
	at ackermann.Ack(ackermann.java:15)
	at ackermann.Ack(ackermann.java:15)
	at ackermann.Ack(ackermann.java:15)
	at ackermann.Ack(ackermann.java:15)
	at ackermann.Ack(ackermann.java:15)
	at ackermann.Ack(ackermann.java:15)
	at ackermann.Ack(ackermann.java:15)
	at ackermann.Ack(ackermann.java:15)
	at ackermann.Ack(ackermann.java:15)
	at ackermann.Ack(ackermann.java:15)
	at ackermann.Ack(ackermann.java:15)
	at ackermann.Ack(ackermann.java:15)
	at ackermann.Ack(ackermann.java:15)
	at ackermann.Ack(ackermann.java:15)
	at ackermann.Ack(ackermann.java:15)
	at ackermann.Ack(ackermann.java:15)
	at ackermann.Ack(ackermann.java:15)
	at ackermann.Ack(ackermann.java:15)
	at ackermann.Ack(ackermann.java:15)
	at ackermann.Ack(ackermann.java:15)
	at ackermann.Ack(ackermann.java:15)
	at ackermann.Ack(ackermann.java:15)
	at ackermann.Ack(ackermann.java:15)
	at ackermann.Ack(ackermann.java:15)
	at ackermann.Ack(ackermann.java:15)
	at ackermann.Ack(ackermann.java:15)
	at ackermann.Ack(ackermann.java:15)
	at ackermann.Ack(ackermann.java:15)
	at ackermann.Ack(ackermann.java:15)
	at ackermann.Ack(ackermann.java:15)
	at ackermann.Ack(ackermann.java:15)
	at ackermann.Ack(ackermann.java:15)
	at ackermann.Ack(ackermann.java:15)
	at ackermann.Ack(ackermann.java:15)
	at ackermann.Ack(ackermann.java:15)
	at ackermann.Ack(ackermann.java:15)
	at ackermann.Ack(ackermann.java:15)
	at ackermann.Ack(ackermann.java:15)
	at ackermann.Ack(ackermann.java:15)
	at ackermann.Ack(ackermann.java:15)
	at ackermann.Ack(ackermann.java:15)
	at ackermann.Ack(ackermann.java:15)
	at ackermann.Ack(ackermann.java:15)
	at ackermann.Ack(ackermann.java:15)
	at ackermann.Ack(ackermann.java:15)
	at ackermann.Ack(ackermann.java:15)
	at ackermann.Ack(ackermann.java:15)
	at ackermann.Ack(ackermann.java:15)
	at ackermann.Ack(ackermann.java:15)
	at ackermann.Ack(ackermann.java:15)
	at ackermann.Ack(ackermann.java:15)
	at ackermann.Ack(ackermann.java:15)
	at ackermann.Ack(ackermann.java:15)
	at ackermann.Ack(ackermann.java:15)
	at ackermann.Ack(ackermann.java:15)
	at ackermann.Ack(ackermann.java:15)
	at ackermann.Ack(ackermann.java:15)
	at ackermann.Ack(ackermann.java:15)
	at ackermann.Ack(ackermann.java:15)
	at ackermann.Ack(ackermann.java:15)
	at ackermann.Ack(ackermann.java:15)
	at ackermann.Ack(ackermann.java:15)
	at ackermann.Ack(ackermann.java:15)
	at ackermann.Ack(ackermann.java:15)
	at ackermann.Ack(ackermann.java:15)
	at ackermann.Ack(ackermann.java:15)
	at ackermann.Ack(ackermann.java:15)
	at ackermann.Ack(ackermann.java:15)
	at ackermann.Ack(ackermann.java:15)
	at ackermann.Ack(ackermann.java:15)
	at ackermann.Ack(ackermann.java:15)
	at ackermann.Ack(ackermann.java:15)
	at ackermann.Ack(ackermann.java:15)
	at ackermann.Ack(ackermann.java:15)
	at ackermann.Ack(ackermann.java:15)
	at ackermann.Ack(ackermann.java:15)
	at ackermann.Ack(ackermann.java:15)
	at ackermann.Ack(ackermann.java:15)
	at ackermann.Ack(ackermann.java:15)
	at ackermann.Ack(ackermann.java:15)
	at ackermann.Ack(ackermann.java:15)
	at ackermann.Ack(ackermann.java:15)
	at ackermann.Ack(ackermann.java:15)
	at ackermann.Ack(ackermann.java:15)
	at ackermann.Ack(ackermann.java:15)
	at ackermann.Ack(ackermann.java:15)
	at ackermann.Ack(ackermann.java:15)
	at ackermann.Ack(ackermann.java:15)
	at ackermann.Ack(ackermann.java:15)
	at ackermann.Ack(ackermann.java:15)
	at ackermann.Ack(ackermann.java:15)
	at ackermann.Ack(ackermann.java:15)
	at ackermann.Ack(ackermann.java:15)
	at ackermann.Ack(ackermann.java:15)
	at ackermann.Ack(ackermann.java:15)
	at ackermann.Ack(ackermann.java:15)
	at ackermann.Ack(ackermann.java:15)
	at ackermann.Ack(ackermann.java:15)
	at ackermann.Ack(ackermann.java:15)
	at ackermann.Ack(ackermann.java:15)
	at ackermann.Ack(ackermann.java:15)
	at ackermann.Ack(ackermann.java:15)
	at ackermann.Ack(ackermann.java:15)
	at ackermann.Ack(ackermann.java:15)
	at ackermann.Ack(ackermann.java:15)
	at ackermann.Ack(ackermann.java:15)
	at ackermann.Ack(ackermann.java:15)
	at ackermann.Ack(ackermann.java:15)
	at ackermann.Ack(ackermann.java:15)
	at ackermann.Ack(ackermann.java:15)
	at ackermann.Ack(ackermann.java:15)
	at ackermann.Ack(ackermann.java:15)
	at ackermann.Ack(ackermann.java:15)
	at ackermann.Ack(ackermann.java:15)
	at ackermann.Ack(ackermann.java:15)
	at ackermann.Ack(ackermann.java:15)
	at ackermann.Ack(ackermann.java:15)
	at ackermann.Ack(ackermann.java:15)
	at ackermann.Ack(ackermann.java:15)
	at ackermann.Ack(ackermann.java:15)
	at ackermann.Ack(ackermann.java:15)
	at ackermann.Ack(ackermann.java:15)
	at ackermann.Ack(ackermann.java:15)
	at ackermann.Ack(ackermann.java:15)
	at ackermann.Ack(ackermann.java:15)
	at ackermann.Ack(ackermann.java:15)
	at ackermann.Ack(ackermann.java:15)
	at ackermann.Ack(ackermann.java:15)
	at ackermann.Ack(ackermann.java:15)
	at ackermann.Ack(ackermann.java:15)
	at ackermann.Ack(ackermann.java:15)
	at ackermann.Ack(ackermann.java:15)
	at ackermann.Ack(ackermann.java:15)
	at ackermann.Ack(ackermann.java:15)
	at ackermann.Ack(ackermann.java:15)
	at ackermann.Ack(ackermann.java:15)
	at ackermann.Ack(ackermann.java:15)
	at ackermann.Ack(ackermann.java:15)
	at ackermann.Ack(ackermann.java:15)
	at ackermann.Ack(ackermann.java:15)
	at ackermann.Ack(ackermann.java:15)
	at ackermann.Ack(ackermann.java:15)
	at ackermann.Ack(ackermann.java:15)
	at ackermann.Ack(ackermann.java:15)
	at ackermann.Ack(ackermann.java:15)
	at ackermann.Ack(ackermann.java:15)
	at ackermann.Ack(ackermann.java:15)
	at ackermann.Ack(ackermann.java:15)
	at ackermann.Ack(ackermann.java:15)
	at ackermann.Ack(ackermann.java:15)
	at ackermann.Ack(ackermann.java:15)
	at ackermann.Ack(ackermann.java:15)
	at ackermann.Ack(ackermann.java:15)
	at ackermann.Ack(ackermann.java:15)
	at ackermann.Ack(ackermann.java:15)
	at ackermann.Ack(ackermann.java:15)
	at ackermann.Ack(ackermann.java:15)
	at ackermann.Ack(ackermann.java:15)
	at ackermann.Ack(ackermann.java:15)
	at ackermann.Ack(ackermann.java:15)
	at ackermann.Ack(ackermann.java:15)
	at ackermann.Ack(ackermann.java:15)
	at ackermann.Ack(ackermann.java:15)
	at ackermann.Ack(ackermann.java:15)
	at ackermann.Ack(ackermann.java:15)
	at ackermann.Ack(ackermann.java:15)
	at ackermann.Ack(ackermann.java:15)
	at ackermann.Ack(ackermann.java:15)
	at ackermann.Ack(ackermann.java:15)
	at ackermann.Ack(ackermann.java:15)
	at ackermann.Ack(ackermann.java:15)
	at ackermann.Ack(ackermann.java:15)
	at ackermann.Ack(ackermann.java:15)
	at ackermann.Ack(ackermann.java:15)
	at ackermann.Ack(ackermann.java:15)
	at ackermann.Ack(ackermann.java:15)
	at ackermann.Ack(ackermann.java:15)
	at ackermann.Ack(ackermann.java:15)
	at ackermann.Ack(ackermann.java:15)
	at ackermann.Ack(ackermann.java:15)
	at ackermann.Ack(ackermann.java:15)
	at ackermann.Ack(ackermann.java:15)
	at ackermann.Ack(ackermann.java:15)
	at ackermann.Ack(ackermann.java:15)
	at ackermann.Ack(ackermann.java:15)
	at ackermann.Ack(ackermann.java:15)
	at ackermann.Ack(ackermann.java:15)
	at ackermann.Ack(ackermann.java:15)
	at ackermann.Ack(ackermann.java:15)
	at ackermann.Ack(ackermann.java:15)
	at ackermann.Ack(ackermann.java:15)
	at ackermann.Ack(ackermann.java:15)
	at ackermann.Ack(ackermann.java:15)
	at ackermann.Ack(ackermann.java:15)
	at ackermann.Ack(ackermann.java:15)
	at ackermann.Ack(ackermann.java:15)
	at ackermann.Ack(ackermann.java:15)
	at ackermann.Ack(ackermann.java:15)
	at ackermann.Ack(ackermann.java:15)
	at ackermann.Ack(ackermann.java:15)
	at ackermann.Ack(ackermann.java:15)
	at ackermann.Ack(ackermann.java:15)
	at ackermann.Ack(ackermann.java:15)
	at ackermann.Ack(ackermann.java:15)
	at ackermann.Ack(ackermann.java:15)
	at ackermann.Ack(ackermann.java:15)
	at ackermann.Ack(ackermann.java:15)
	at ackermann.Ack(ackermann.java:15)
	at ackermann.Ack(ackermann.java:15)
	at ackermann.Ack(ackermann.java:15)
	at ackermann.Ack(ackermann.java:15)
	at ackermann.Ack(ackermann.java:15)
	at ackermann.Ack(ackermann.java:15)
	at ackermann.Ack(ackermann.java:15)
	at ackermann.Ack(ackermann.java:15)
	at ackermann.Ack(ackermann.java:15)
	at ackermann.Ack(ackermann.java:15)
	at ackermann.Ack(ackermann.java:15)
	at ackermann.Ack(ackermann.java:15)
	at ackermann.Ack(ackermann.java:15)
	at ackermann.Ack(ackermann.java:15)
	at ackermann.Ack(ackermann.java:15)
	at ackermann.Ack(ackermann.java:15)
	at ackermann.Ack(ackermann.java:15)
	at ackermann.Ack(ackermann.java:15)
	at ackermann.Ack(ackermann.java:15)
	at ackermann.Ack(ackermann.java:15)
	at ackermann.Ack(ackermann.java:15)
	at ackermann.Ack(ackermann.java:15)
	at ackermann.Ack(ackermann.java:15)
	at ackermann.Ack(ackermann.java:15)
	at ackermann.Ack(ackermann.java:15)
	at ackermann.Ack(ackermann.java:15)
	at ackermann.Ack(ackermann.java:15)
	at ackermann.Ack(ackermann.java:15)
	at ackermann.Ack(ackermann.java:15)
	at ackermann.Ack(ackermann.java:15)
	at ackermann.Ack(ackermann.java:15)
	at ackermann.Ack(ackermann.java:15)
	at ackermann.Ack(ackermann.java:15)
	at ackermann.Ack(ackermann.java:15)
	at ackermann.Ack(ackermann.java:15)
	at ackermann.Ack(ackermann.java:15)
	at ackermann.Ack(ackermann.java:15)
	at ackermann.Ack(ackermann.java:15)
	at ackermann.Ack(ackermann.java:15)
	at ackermann.Ack(ackermann.java:15)
	at ackermann.Ack(ackermann.java:15)
	at ackermann.Ack(ackermann.java:15)
	at ackermann.Ack(ackermann.java:15)
	at ackermann.Ack(ackermann.java:15)
	at ackermann.Ack(ackermann.java:15)
	at ackermann.Ack(ackermann.java:15)
	at ackermann.Ack(ackermann.java:15)
	at ackermann.Ack(ackermann.java:15)
	at ackermann.Ack(ackermann.java:15)
	at ackermann.Ack(ackermann.java:15)
	at ackermann.Ack(ackermann.java:15)
	at ackermann.Ack(ackermann.java:15)
	at ackermann.Ack(ackermann.java:15)
	at ackermann.Ack(ackermann.java:15)
	at ackermann.Ack(ackermann.java:15)
	at ackermann.Ack(ackermann.java:15)
	at ackermann.Ack(ackermann.java:15)
	at ackermann.Ack(ackermann.java:15)
	at ackermann.Ack(ackermann.java:15)
	at ackermann.Ack(ackermann.java:15)
	at ackermann.Ack(ackermann.java:15)
	at ackermann.Ack(ackermann.java:15)
	at ackermann.Ack(ackermann.java:15)
	at ackermann.Ack(ackermann.java:15)
	at ackermann.Ack(ackermann.java:15)
	at ackermann.Ack(ackermann.java:15)
	at ackermann.Ack(ackermann.java:15)
	at ackermann.Ack(ackermann.java:15)
	at ackermann.Ack(ackermann.java:15)
	at ackermann.Ack(ackermann.java:15)
	at ackermann.Ack(ackermann.java:15)
	at ackermann.Ack(ackermann.java:15)
	at ackermann.Ack(ackermann.java:15)
	at ackermann.Ack(ackermann.java:15)
	at ackermann.Ack(ackermann.java:15)
	at ackermann.Ack(ackermann.java:15)
	at ackermann.Ack(ackermann.java:15)
	at ackermann.Ack(ackermann.java:15)
	at ackermann.Ack(ackermann.java:15)
	at ackermann.Ack(ackermann.java:15)
	at ackermann.Ack(ackermann.java:15)
	at ackermann.Ack(ackermann.java:15)
	at ackermann.Ack(ackermann.java:15)
	at ackermann.Ack(ackermann.java:15)
	at ackermann.Ack(ackermann.java:15)
	at ackermann.Ack(ackermann.java:15)
	at ackermann.Ack(ackermann.java:15)
	at ackermann.Ack(ackermann.java:15)
	at ackermann.Ack(ackermann.java:15)
	at ackermann.Ack(ackermann.java:15)
	at ackermann.Ack(ackermann.java:15)
	at ackermann.Ack(ackermann.java:15)
	at ackermann.Ack(ackermann.java:15)
	at ackermann.Ack(ackermann.java:15)
	at ackermann.Ack(ackermann.java:15)
	at ackermann.Ack(ackermann.java:15)
	at ackermann.Ack(ackermann.java:15)
	at ackermann.Ack(ackermann.java:15)
	at ackermann.Ack(ackermann.java:15)
	at ackermann.Ack(ackermann.java:15)
	at ackermann.Ack(ackermann.java:15)
	at ackermann.Ack(ackermann.java:15)
	at ackermann.Ack(ackermann.java:15)
	at ackermann.Ack(ackermann.java:15)
	at ackermann.Ack(ackermann.java:15)
	at ackermann.Ack(ackermann.java:15)
	at ackermann.Ack(ackermann.java:15)
	at ackermann.Ack(ackermann.java:15)
	at ackermann.Ack(ackermann.java:15)
	at ackermann.Ack(ackermann.java:15)
	at ackermann.Ack(ackermann.java:15)
	at ackermann.Ack(ackermann.java:15)
	at ackermann.Ack(ackermann.java:15)
	at ackermann.Ack(ackermann.java:15)
	at ackermann.Ack(ackermann.java:15)
	at ackermann.Ack(ackermann.java:15)
	at ackermann.Ack(ackermann.java:15)
	at ackermann.Ack(ackermann.java:15)
	at ackermann.Ack(ackermann.java:15)
	at ackermann.Ack(ackermann.java:15)
	at ackermann.Ack(ackermann.java:15)
	at ackermann.Ack(ackermann.java:15)
	at ackermann.Ack(ackermann.java:15)
	at ackermann.Ack(ackermann.java:15)
	at ackermann.Ack(ackermann.java:15)
	at ackermann.Ack(ackermann.java:15)
	at ackermann.Ack(ackermann.java:15)
	at ackermann.Ack(ackermann.java:15)
	at ackermann.Ack(ackermann.java:15)
	at ackermann.Ack(ackermann.java:15)
	at ackermann.Ack(ackermann.java:15)
	at ackermann.Ack(ackermann.java:15)
	at ackermann.Ack(ackermann.java:15)
	at ackermann.Ack(ackermann.java:15)
	at ackermann.Ack(ackermann.java:15)
	at ackermann.Ack(ackermann.java:15)
	at ackermann.Ack(ackermann.java:15)
	at ackermann.Ack(ackermann.java:15)
	at ackermann.Ack(ackermann.java:15)
	at ackermann.Ack(ackermann.java:15)
	at ackermann.Ack(ackermann.java:15)
	at ackermann.Ack(ackermann.java:15)
	at ackermann.Ack(ackermann.java:15)
	at ackermann.Ack(ackermann.java:15)
	at ackermann.Ack(ackermann.java:15)
	at ackermann.Ack(ackermann.java:15)
	at ackermann.Ack(ackermann.java:15)
	at ackermann.Ack(ackermann.java:15)
	at ackermann.Ack(ackermann.java:15)
	at ackermann.Ack(ackermann.java:15)
	at ackermann.Ack(ackermann.java:15)
	at ackermann.Ack(ackermann.java:15)
	at ackermann.Ack(ackermann.java:15)
	at ackermann.Ack(ackermann.java:15)
	at ackermann.Ack(ackermann.java:15)
	at ackermann.Ack(ackermann.java:15)
	at ackermann.Ack(ackermann.java:15)
	at ackermann.Ack(ackermann.java:15)
	at ackermann.Ack(ackermann.java:15)
	at ackermann.Ack(ackermann.java:15)
	at ackermann.Ack(ackermann.java:15)
	at ackermann.Ack(ackermann.java:15)
	at ackermann.Ack(ackermann.java:15)
	at ackermann.Ack(ackermann.java:15)
	at ackermann.Ack(ackermann.java:15)
	at ackermann.Ack(ackermann.java:15)
	at ackermann.Ack(ackermann.java:15)
	at ackermann.Ack(ackermann.java:15)
	at ackermann.Ack(ackermann.java:15)
	at ackermann.Ack(ackermann.java:15)
	at ackermann.Ack(ackermann.java:15)
	at ackermann.Ack(ackermann.java:15)
	at ackermann.Ack(ackermann.java:15)
	at ackermann.Ack(ackermann.java:15)
	at ackermann.Ack(ackermann.java:15)
	at ackermann.Ack(ackermann.java:15)
	at ackermann.Ack(ackermann.java:15)
	at ackermann.Ack(ackermann.java:15)
	at ackermann.Ack(ackermann.java:15)
	at ackermann.Ack(ackermann.java:15)
	at ackermann.Ack(ackermann.java:15)
	at ackermann.Ack(ackermann.java:15)
	at ackermann.Ack(ackermann.java:15)
	at ackermann.Ack(ackermann.java:15)
	at ackermann.Ack(ackermann.java:15)
	at ackermann.Ack(ackermann.java:15)
	at ackermann.Ack(ackermann.java:15)
	at ackermann.Ack(ackermann.java:15)
	at ackermann.Ack(ackermann.java:15)
	at ackermann.Ack(ackermann.java:15)
	at ackermann.Ack(ackermann.java:15)
	at ackermann.Ack(ackermann.java:15)
	at ackermann.Ack(ackermann.java:15)
	at ackermann.Ack(ackermann.java:15)
	at ackermann.Ack(ackermann.java:15)
	at ackermann.Ack(ackermann.java:15)
	at ackermann.Ack(ackermann.java:15)
	at ackermann.Ack(ackermann.java:15)
	at ackermann.Ack(ackermann.java:15)
	at ackermann.Ack(ackermann.java:15)
	at ackermann.Ack(ackermann.java:15)
	at ackermann.Ack(ackermann.java:15)
	at ackermann.Ack(ackermann.java:15)
Command exited with non-zero status 1
	Command being timed: "java -Xss12m ackermann 16"
	User time (seconds): 292.21
	System time (seconds): 0.09
	Percent of CPU this job got: 99%
	Elapsed (wall clock) time (h:mm:ss or m:ss): 4:53.12
	Average shared text size (kbytes): 0
	Average unshared data size (kbytes): 0
	Average stack size (kbytes): 0
	Average total size (kbytes): 0
	Maximum resident set size (kbytes): 110056
	Average resident set size (kbytes): 0
	Major (requiring I/O) page faults: 0
	Minor (reclaiming a frame) page faults: 25196
	Voluntary context switches: 7311
	Involuntary context switches: 8707
	Swaps: 0
	File system inputs: 0
	File system outputs: 6000
	Socket messages sent: 0
	Socket messages received: 0
	Signals delivered: 0
	Page size (bytes): 4096
	Exit status: 1
slurmstepd: error: *** JOB 31604705 ON p0207 CANCELLED AT 2024-09-21T13:14:04 ***
