-- Epoch #0 --
Training with 5000 images...
Correct classification: 991 [0.0991% ]
Elapsed time = 2732 milliseconds.
-- Epoch #1 --
Training with 5000 images...
Correct classification: 991 [0.0991% ]
Elapsed time = 2721 milliseconds.
-- Epoch #2 --
Training with 5000 images...
Correct classification: 991 [0.0991% ]
Elapsed time = 2713 milliseconds.
-- Epoch #3 --
Training with 5000 images...
Correct classification: 991 [0.0991% ]
Elapsed time = 2717 milliseconds.
-- Epoch #4 --
Training with 5000 images...
Correct classification: 991 [0.0991% ]
Elapsed time = 2717 milliseconds.
-- Epoch #5 --
Training with 5000 images...
Correct classification: 991 [0.0991% ]
Elapsed time = 2717 milliseconds.
-- Epoch #6 --
Training with 5000 images...
Correct classification: 991 [0.0991% ]
Elapsed time = 2720 milliseconds.
-- Epoch #7 --
Training with 5000 images...
Correct classification: 991 [0.0991% ]
Elapsed time = 2720 milliseconds.
-- Epoch #8 --
Training with 5000 images...
Correct classification: 991 [0.0991% ]
Elapsed time = 2720 milliseconds.
-- Epoch #9 --
Training with 5000 images...
Correct classification: 991 [0.0991% ]
Elapsed time = 2715 milliseconds.
	Command being timed: "./homework5 /tmp/slurmtmp.32043317/data"
	User time (seconds): 26.66
	System time (seconds): 0.45
	Percent of CPU this job got: 99%
	Elapsed (wall clock) time (h:mm:ss or m:ss): 0:27.20
	Average shared text size (kbytes): 0
	Average unshared data size (kbytes): 0
	Average stack size (kbytes): 0
	Average total size (kbytes): 0
	Maximum resident set size (kbytes): 2700
	Average resident set size (kbytes): 0
	Major (requiring I/O) page faults: 1
	Minor (reclaiming a frame) page faults: 2235
	Voluntary context switches: 58
	Involuntary context switches: 210
	Swaps: 0
	File system inputs: 3552
	File system outputs: 8
	Socket messages sent: 0
	Socket messages received: 0
	Signals delivered: 0
	Page size (bytes): 4096
	Exit status: 0
-- Epoch #0 --
Training with 5000 images...
Correct classification: 991 [0.0991% ]
Elapsed time = 2717 milliseconds.
-- Epoch #1 --
Training with 5000 images...
Correct classification: 991 [0.0991% ]
Elapsed time = 2721 milliseconds.
-- Epoch #2 --
Training with 5000 images...
Correct classification: 991 [0.0991% ]
Elapsed time = 2713 milliseconds.
-- Epoch #3 --
Training with 5000 images...
Correct classification: 991 [0.0991% ]
Elapsed time = 2719 milliseconds.
-- Epoch #4 --
Training with 5000 images...
Correct classification: 991 [0.0991% ]
Elapsed time = 2710 milliseconds.
-- Epoch #5 --
Training with 5000 images...
Correct classification: 991 [0.0991% ]
Elapsed time = 2717 milliseconds.
-- Epoch #6 --
Training with 5000 images...
Correct classification: 991 [0.0991% ]
Elapsed time = 2719 milliseconds.
-- Epoch #7 --
Training with 5000 images...
Correct classification: 991 [0.0991% ]
Elapsed time = 2724 milliseconds.
-- Epoch #8 --
Training with 5000 images...
Correct classification: 991 [0.0991% ]
Elapsed time = 2721 milliseconds.
-- Epoch #9 --
Training with 5000 images...
Correct classification: 991 [0.0991% ]
Elapsed time = 2717 milliseconds.
	Command being timed: "./homework5 /tmp/slurmtmp.32043317/data"
	User time (seconds): 26.66
	System time (seconds): 0.44
	Percent of CPU this job got: 99%
	Elapsed (wall clock) time (h:mm:ss or m:ss): 0:27.18
	Average shared text size (kbytes): 0
	Average unshared data size (kbytes): 0
	Average stack size (kbytes): 0
	Average total size (kbytes): 0
	Maximum resident set size (kbytes): 2700
	Average resident set size (kbytes): 0
	Major (requiring I/O) page faults: 0
	Minor (reclaiming a frame) page faults: 2235
	Voluntary context switches: 51
	Involuntary context switches: 200
	Swaps: 0
	File system inputs: 0
	File system outputs: 8
	Socket messages sent: 0
	Socket messages received: 0
	Signals delivered: 0
	Page size (bytes): 4096
	Exit status: 0
-- Epoch #0 --
Training with 5000 images...
Correct classification: 991 [0.0991% ]
Elapsed time = 2710 milliseconds.
-- Epoch #1 --
Training with 5000 images...
Correct classification: 991 [0.0991% ]
Elapsed time = 2722 milliseconds.
-- Epoch #2 --
Training with 5000 images...
Correct classification: 991 [0.0991% ]
Elapsed time = 2715 milliseconds.
-- Epoch #3 --
Training with 5000 images...
Correct classification: 991 [0.0991% ]
Elapsed time = 2718 milliseconds.
-- Epoch #4 --
Training with 5000 images...
Correct classification: 991 [0.0991% ]
Elapsed time = 2709 milliseconds.
-- Epoch #5 --
Training with 5000 images...
Correct classification: 991 [0.0991% ]
Elapsed time = 2721 milliseconds.
-- Epoch #6 --
Training with 5000 images...
Correct classification: 991 [0.0991% ]
Elapsed time = 2722 milliseconds.
-- Epoch #7 --
Training with 5000 images...
Correct classification: 991 [0.0991% ]
Elapsed time = 2728 milliseconds.
-- Epoch #8 --
Training with 5000 images...
Correct classification: 991 [0.0991% ]
Elapsed time = 2722 milliseconds.
-- Epoch #9 --
Training with 5000 images...
Correct classification: 991 [0.0991% ]
Elapsed time = 2719 milliseconds.
	Command being timed: "./homework5 /tmp/slurmtmp.32043317/data"
	User time (seconds): 26.61
	System time (seconds): 0.50
	Percent of CPU this job got: 99%
	Elapsed (wall clock) time (h:mm:ss or m:ss): 0:27.19
	Average shared text size (kbytes): 0
	Average unshared data size (kbytes): 0
	Average stack size (kbytes): 0
	Average total size (kbytes): 0
	Maximum resident set size (kbytes): 2700
	Average resident set size (kbytes): 0
	Major (requiring I/O) page faults: 0
	Minor (reclaiming a frame) page faults: 2236
	Voluntary context switches: 54
	Involuntary context switches: 238
	Swaps: 0
	File system inputs: 0
	File system outputs: 16
	Socket messages sent: 0
	Socket messages received: 0
	Signals delivered: 0
	Page size (bytes): 4096
	Exit status: 0
-- Epoch #0 --
Training with 5000 images...
Correct classification: 991 [0.0991% ]
Elapsed time = 2718 milliseconds.
-- Epoch #1 --
Training with 5000 images...
Correct classification: 991 [0.0991% ]
Elapsed time = 2725 milliseconds.
-- Epoch #2 --
Training with 5000 images...
Correct classification: 991 [0.0991% ]
Elapsed time = 2719 milliseconds.
-- Epoch #3 --
Training with 5000 images...
Correct classification: 991 [0.0991% ]
Elapsed time = 2721 milliseconds.
-- Epoch #4 --
Training with 5000 images...
Correct classification: 991 [0.0991% ]
Elapsed time = 2712 milliseconds.
-- Epoch #5 --
Training with 5000 images...
Correct classification: 991 [0.0991% ]
Elapsed time = 2717 milliseconds.
-- Epoch #6 --
Training with 5000 images...
Correct classification: 991 [0.0991% ]
Elapsed time = 2725 milliseconds.
-- Epoch #7 --
Training with 5000 images...
Correct classification: 991 [0.0991% ]
Elapsed time = 2724 milliseconds.
-- Epoch #8 --
Training with 5000 images...
Correct classification: 991 [0.0991% ]
Elapsed time = 2722 milliseconds.
-- Epoch #9 --
Training with 5000 images...
Correct classification: 991 [0.0991% ]
Elapsed time = 2719 milliseconds.
	Command being timed: "./homework5 /tmp/slurmtmp.32043317/data"
	User time (seconds): 26.64
	System time (seconds): 0.49
	Percent of CPU this job got: 99%
	Elapsed (wall clock) time (h:mm:ss or m:ss): 0:27.21
	Average shared text size (kbytes): 0
	Average unshared data size (kbytes): 0
	Average stack size (kbytes): 0
	Average total size (kbytes): 0
	Maximum resident set size (kbytes): 2700
	Average resident set size (kbytes): 0
	Major (requiring I/O) page faults: 0
	Minor (reclaiming a frame) page faults: 2237
	Voluntary context switches: 51
	Involuntary context switches: 208
	Swaps: 0
	File system inputs: 0
	File system outputs: 8
	Socket messages sent: 0
	Socket messages received: 0
	Signals delivered: 0
	Page size (bytes): 4096
	Exit status: 0
-- Epoch #0 --
Training with 5000 images...
Correct classification: 991 [0.0991% ]
Elapsed time = 2717 milliseconds.
-- Epoch #1 --
Training with 5000 images...
Correct classification: 991 [0.0991% ]
Elapsed time = 2723 milliseconds.
-- Epoch #2 --
Training with 5000 images...
Correct classification: 991 [0.0991% ]
Elapsed time = 2713 milliseconds.
-- Epoch #3 --
Training with 5000 images...
Correct classification: 991 [0.0991% ]
Elapsed time = 2720 milliseconds.
-- Epoch #4 --
Training with 5000 images...
Correct classification: 991 [0.0991% ]
Elapsed time = 2711 milliseconds.
-- Epoch #5 --
Training with 5000 images...
Correct classification: 991 [0.0991% ]
Elapsed time = 2716 milliseconds.
-- Epoch #6 --
Training with 5000 images...
Correct classification: 991 [0.0991% ]
Elapsed time = 2717 milliseconds.
-- Epoch #7 --
Training with 5000 images...
Correct classification: 991 [0.0991% ]
Elapsed time = 2721 milliseconds.
-- Epoch #8 --
Training with 5000 images...
Correct classification: 991 [0.0991% ]
Elapsed time = 2718 milliseconds.
-- Epoch #9 --
Training with 5000 images...
Correct classification: 991 [0.0991% ]
Elapsed time = 2715 milliseconds.
	Command being timed: "./homework5 /tmp/slurmtmp.32043317/data"
	User time (seconds): 26.61
	System time (seconds): 0.48
	Percent of CPU this job got: 99%
	Elapsed (wall clock) time (h:mm:ss or m:ss): 0:27.17
	Average shared text size (kbytes): 0
	Average unshared data size (kbytes): 0
	Average stack size (kbytes): 0
	Average total size (kbytes): 0
	Maximum resident set size (kbytes): 2700
	Average resident set size (kbytes): 0
	Major (requiring I/O) page faults: 0
	Minor (reclaiming a frame) page faults: 2235
	Voluntary context switches: 52
	Involuntary context switches: 224
	Swaps: 0
	File system inputs: 0
	File system outputs: 16
	Socket messages sent: 0
	Socket messages received: 0
	Signals delivered: 0
	Page size (bytes): 4096
	Exit status: 0
