-- Epoch #0 --
Training with 5000 images...
Correct classification: 1090 [0.109% ]
Elapsed time = 3401 milliseconds.
-- Epoch #1 --
Training with 5000 images...
Correct classification: 2043 [0.2043% ]
Elapsed time = 3392 milliseconds.
-- Epoch #2 --
Training with 5000 images...
Correct classification: 2947 [0.2947% ]
Elapsed time = 3348 milliseconds.
-- Epoch #3 --
Training with 5000 images...
Correct classification: 3108 [0.3108% ]
Elapsed time = 3498 milliseconds.
-- Epoch #4 --
Training with 5000 images...
Correct classification: 3164 [0.3164% ]
Elapsed time = 3410 milliseconds.
-- Epoch #5 --
Training with 5000 images...
Correct classification: 3195 [0.3195% ]
Elapsed time = 3331 milliseconds.
-- Epoch #6 --
Training with 5000 images...
Correct classification: 3217 [0.3217% ]
Elapsed time = 3402 milliseconds.
-- Epoch #7 --
Training with 5000 images...
Correct classification: 3230 [0.323% ]
Elapsed time = 3353 milliseconds.
-- Epoch #8 --
Training with 5000 images...
Correct classification: 3236 [0.3236% ]
Elapsed time = 3379 milliseconds.
-- Epoch #9 --
Training with 5000 images...
Correct classification: 3248 [0.3248% ]
Elapsed time = 3384 milliseconds.
	Command being timed: "./homework5 /tmp/slurmtmp.32043024/data"
	User time (seconds): 33.31
	System time (seconds): 0.48
	Percent of CPU this job got: 99%
	Elapsed (wall clock) time (h:mm:ss or m:ss): 0:33.90
	Average shared text size (kbytes): 0
	Average unshared data size (kbytes): 0
	Average stack size (kbytes): 0
	Average total size (kbytes): 0
	Maximum resident set size (kbytes): 3176
	Average resident set size (kbytes): 0
	Major (requiring I/O) page faults: 1
	Minor (reclaiming a frame) page faults: 73704
	Voluntary context switches: 59
	Involuntary context switches: 94
	Swaps: 0
	File system inputs: 3584
	File system outputs: 8
	Socket messages sent: 0
	Socket messages received: 0
	Signals delivered: 0
	Page size (bytes): 4096
	Exit status: 0
-- Epoch #0 --
Training with 5000 images...
Correct classification: 1090 [0.109% ]
Elapsed time = 3451 milliseconds.
-- Epoch #1 --
Training with 5000 images...
Correct classification: 2043 [0.2043% ]
Elapsed time = 3384 milliseconds.
-- Epoch #2 --
Training with 5000 images...
Correct classification: 2947 [0.2947% ]
Elapsed time = 3357 milliseconds.
-- Epoch #3 --
Training with 5000 images...
Correct classification: 3108 [0.3108% ]
Elapsed time = 3350 milliseconds.
-- Epoch #4 --
Training with 5000 images...
Correct classification: 3164 [0.3164% ]
Elapsed time = 3330 milliseconds.
-- Epoch #5 --
Training with 5000 images...
Correct classification: 3195 [0.3195% ]
Elapsed time = 3359 milliseconds.
-- Epoch #6 --
Training with 5000 images...
Correct classification: 3217 [0.3217% ]
Elapsed time = 3389 milliseconds.
-- Epoch #7 --
Training with 5000 images...
Correct classification: 3230 [0.323% ]
Elapsed time = 3354 milliseconds.
-- Epoch #8 --
Training with 5000 images...
Correct classification: 3236 [0.3236% ]
Elapsed time = 3356 milliseconds.
-- Epoch #9 --
Training with 5000 images...
Correct classification: 3248 [0.3248% ]
Elapsed time = 3338 milliseconds.
	Command being timed: "./homework5 /tmp/slurmtmp.32043024/data"
	User time (seconds): 33.11
	System time (seconds): 0.46
	Percent of CPU this job got: 99%
	Elapsed (wall clock) time (h:mm:ss or m:ss): 0:33.67
	Average shared text size (kbytes): 0
	Average unshared data size (kbytes): 0
	Average stack size (kbytes): 0
	Average total size (kbytes): 0
	Maximum resident set size (kbytes): 3176
	Average resident set size (kbytes): 0
	Major (requiring I/O) page faults: 0
	Minor (reclaiming a frame) page faults: 73612
	Voluntary context switches: 53
	Involuntary context switches: 81
	Swaps: 0
	File system inputs: 0
	File system outputs: 8
	Socket messages sent: 0
	Socket messages received: 0
	Signals delivered: 0
	Page size (bytes): 4096
	Exit status: 0
-- Epoch #0 --
Training with 5000 images...
Correct classification: 1090 [0.109% ]
Elapsed time = 3420 milliseconds.
-- Epoch #1 --
Training with 5000 images...
Correct classification: 2043 [0.2043% ]
Elapsed time = 3391 milliseconds.
-- Epoch #2 --
Training with 5000 images...
Correct classification: 2947 [0.2947% ]
Elapsed time = 3341 milliseconds.
-- Epoch #3 --
Training with 5000 images...
Correct classification: 3108 [0.3108% ]
Elapsed time = 3354 milliseconds.
-- Epoch #4 --
Training with 5000 images...
Correct classification: 3164 [0.3164% ]
Elapsed time = 3336 milliseconds.
-- Epoch #5 --
Training with 5000 images...
Correct classification: 3195 [0.3195% ]
Elapsed time = 3368 milliseconds.
-- Epoch #6 --
Training with 5000 images...
Correct classification: 3217 [0.3217% ]
Elapsed time = 3373 milliseconds.
-- Epoch #7 --
Training with 5000 images...
Correct classification: 3230 [0.323% ]
Elapsed time = 3367 milliseconds.
-- Epoch #8 --
Training with 5000 images...
Correct classification: 3236 [0.3236% ]
Elapsed time = 3376 milliseconds.
-- Epoch #9 --
Training with 5000 images...
Correct classification: 3248 [0.3248% ]
Elapsed time = 3372 milliseconds.
	Command being timed: "./homework5 /tmp/slurmtmp.32043024/data"
	User time (seconds): 33.11
	System time (seconds): 0.49
	Percent of CPU this job got: 99%
	Elapsed (wall clock) time (h:mm:ss or m:ss): 0:33.70
	Average shared text size (kbytes): 0
	Average unshared data size (kbytes): 0
	Average stack size (kbytes): 0
	Average total size (kbytes): 0
	Maximum resident set size (kbytes): 3176
	Average resident set size (kbytes): 0
	Major (requiring I/O) page faults: 0
	Minor (reclaiming a frame) page faults: 73612
	Voluntary context switches: 54
	Involuntary context switches: 86
	Swaps: 0
	File system inputs: 0
	File system outputs: 16
	Socket messages sent: 0
	Socket messages received: 0
	Signals delivered: 0
	Page size (bytes): 4096
	Exit status: 0
-- Epoch #0 --
Training with 5000 images...
Correct classification: 1090 [0.109% ]
Elapsed time = 3409 milliseconds.
-- Epoch #1 --
Training with 5000 images...
Correct classification: 2043 [0.2043% ]
Elapsed time = 3344 milliseconds.
-- Epoch #2 --
Training with 5000 images...
Correct classification: 2947 [0.2947% ]
Elapsed time = 3358 milliseconds.
-- Epoch #3 --
Training with 5000 images...
Correct classification: 3108 [0.3108% ]
Elapsed time = 3329 milliseconds.
-- Epoch #4 --
Training with 5000 images...
Correct classification: 3164 [0.3164% ]
Elapsed time = 3331 milliseconds.
-- Epoch #5 --
Training with 5000 images...
Correct classification: 3195 [0.3195% ]
Elapsed time = 3352 milliseconds.
-- Epoch #6 --
Training with 5000 images...
Correct classification: 3217 [0.3217% ]
Elapsed time = 3370 milliseconds.
-- Epoch #7 --
Training with 5000 images...
Correct classification: 3230 [0.323% ]
Elapsed time = 3343 milliseconds.
-- Epoch #8 --
Training with 5000 images...
Correct classification: 3236 [0.3236% ]
Elapsed time = 3387 milliseconds.
-- Epoch #9 --
Training with 5000 images...
Correct classification: 3248 [0.3248% ]
Elapsed time = 3394 milliseconds.
	Command being timed: "./homework5 /tmp/slurmtmp.32043024/data"
	User time (seconds): 33.02
	System time (seconds): 0.50
	Percent of CPU this job got: 99%
	Elapsed (wall clock) time (h:mm:ss or m:ss): 0:33.62
	Average shared text size (kbytes): 0
	Average unshared data size (kbytes): 0
	Average stack size (kbytes): 0
	Average total size (kbytes): 0
	Maximum resident set size (kbytes): 3176
	Average resident set size (kbytes): 0
	Major (requiring I/O) page faults: 0
	Minor (reclaiming a frame) page faults: 73520
	Voluntary context switches: 53
	Involuntary context switches: 83
	Swaps: 0
	File system inputs: 0
	File system outputs: 8
	Socket messages sent: 0
	Socket messages received: 0
	Signals delivered: 0
	Page size (bytes): 4096
	Exit status: 0
-- Epoch #0 --
Training with 5000 images...
Correct classification: 1090 [0.109% ]
Elapsed time = 3393 milliseconds.
-- Epoch #1 --
Training with 5000 images...
Correct classification: 2043 [0.2043% ]
Elapsed time = 3318 milliseconds.
-- Epoch #2 --
Training with 5000 images...
Correct classification: 2947 [0.2947% ]
Elapsed time = 3377 milliseconds.
-- Epoch #3 --
Training with 5000 images...
Correct classification: 3108 [0.3108% ]
Elapsed time = 3338 milliseconds.
-- Epoch #4 --
Training with 5000 images...
Correct classification: 3164 [0.3164% ]
Elapsed time = 3345 milliseconds.
-- Epoch #5 --
Training with 5000 images...
Correct classification: 3195 [0.3195% ]
Elapsed time = 3342 milliseconds.
-- Epoch #6 --
Training with 5000 images...
Correct classification: 3217 [0.3217% ]
Elapsed time = 3397 milliseconds.
-- Epoch #7 --
Training with 5000 images...
Correct classification: 3230 [0.323% ]
Elapsed time = 3490 milliseconds.
-- Epoch #8 --
Training with 5000 images...
Correct classification: 3236 [0.3236% ]
Elapsed time = 3411 milliseconds.
-- Epoch #9 --
Training with 5000 images...
Correct classification: 3248 [0.3248% ]
Elapsed time = 3356 milliseconds.
	Command being timed: "./homework5 /tmp/slurmtmp.32043024/data"
	User time (seconds): 33.16
	System time (seconds): 0.51
	Percent of CPU this job got: 99%
	Elapsed (wall clock) time (h:mm:ss or m:ss): 0:33.77
	Average shared text size (kbytes): 0
	Average unshared data size (kbytes): 0
	Average stack size (kbytes): 0
	Average total size (kbytes): 0
	Maximum resident set size (kbytes): 3180
	Average resident set size (kbytes): 0
	Major (requiring I/O) page faults: 0
	Minor (reclaiming a frame) page faults: 73707
	Voluntary context switches: 54
	Involuntary context switches: 82
	Swaps: 0
	File system inputs: 0
	File system outputs: 16
	Socket messages sent: 0
	Socket messages received: 0
	Signals delivered: 0
	Page size (bytes): 4096
	Exit status: 0
