-- Epoch #0 --
Training with 5000 images...
Correct classification: 1090 [0.109% ]
Elapsed time = 3650 milliseconds.
-- Epoch #1 --
Training with 5000 images...
Correct classification: 2043 [0.2043% ]
Elapsed time = 3564 milliseconds.
-- Epoch #2 --
Training with 5000 images...
Correct classification: 2947 [0.2947% ]
Elapsed time = 3575 milliseconds.
-- Epoch #3 --
Training with 5000 images...
Correct classification: 3108 [0.3108% ]
Elapsed time = 3526 milliseconds.
-- Epoch #4 --
Training with 5000 images...
Correct classification: 3164 [0.3164% ]
Elapsed time = 3523 milliseconds.
-- Epoch #5 --
Training with 5000 images...
Correct classification: 3195 [0.3195% ]
Elapsed time = 3592 milliseconds.
-- Epoch #6 --
Training with 5000 images...
Correct classification: 3217 [0.3217% ]
Elapsed time = 3587 milliseconds.
-- Epoch #7 --
Training with 5000 images...
Correct classification: 3230 [0.323% ]
Elapsed time = 3553 milliseconds.
-- Epoch #8 --
Training with 5000 images...
Correct classification: 3236 [0.3236% ]
Elapsed time = 3601 milliseconds.
-- Epoch #9 --
Training with 5000 images...
Correct classification: 3248 [0.3248% ]
Elapsed time = 3598 milliseconds.
	Command being timed: "./homework5 /tmp/slurmtmp.32005817/data"
	User time (seconds): 35.03
	System time (seconds): 0.63
	Percent of CPU this job got: 99%
	Elapsed (wall clock) time (h:mm:ss or m:ss): 0:35.77
	Average shared text size (kbytes): 0
	Average unshared data size (kbytes): 0
	Average stack size (kbytes): 0
	Average total size (kbytes): 0
	Maximum resident set size (kbytes): 3180
	Average resident set size (kbytes): 0
	Major (requiring I/O) page faults: 1
	Minor (reclaiming a frame) page faults: 73614
	Voluntary context switches: 54
	Involuntary context switches: 99
	Swaps: 0
	File system inputs: 2200
	File system outputs: 8
	Socket messages sent: 0
	Socket messages received: 0
	Signals delivered: 0
	Page size (bytes): 4096
	Exit status: 0
-- Epoch #0 --
Training with 5000 images...
Correct classification: 1090 [0.109% ]
Elapsed time = 3618 milliseconds.
-- Epoch #1 --
Training with 5000 images...
Correct classification: 2043 [0.2043% ]
Elapsed time = 3506 milliseconds.
-- Epoch #2 --
Training with 5000 images...
Correct classification: 2947 [0.2947% ]
Elapsed time = 3554 milliseconds.
-- Epoch #3 --
Training with 5000 images...
Correct classification: 3108 [0.3108% ]
Elapsed time = 3541 milliseconds.
-- Epoch #4 --
Training with 5000 images...
Correct classification: 3164 [0.3164% ]
Elapsed time = 3509 milliseconds.
-- Epoch #5 --
Training with 5000 images...
Correct classification: 3195 [0.3195% ]
Elapsed time = 3522 milliseconds.
-- Epoch #6 --
Training with 5000 images...
Correct classification: 3217 [0.3217% ]
Elapsed time = 3564 milliseconds.
-- Epoch #7 --
Training with 5000 images...
Correct classification: 3230 [0.323% ]
Elapsed time = 3525 milliseconds.
-- Epoch #8 --
Training with 5000 images...
Correct classification: 3236 [0.3236% ]
Elapsed time = 3545 milliseconds.
-- Epoch #9 --
Training with 5000 images...
Correct classification: 3248 [0.3248% ]
Elapsed time = 3502 milliseconds.
	Command being timed: "./homework5 /tmp/slurmtmp.32005817/data"
	User time (seconds): 34.70
	System time (seconds): 0.59
	Percent of CPU this job got: 99%
	Elapsed (wall clock) time (h:mm:ss or m:ss): 0:35.39
	Average shared text size (kbytes): 0
	Average unshared data size (kbytes): 0
	Average stack size (kbytes): 0
	Average total size (kbytes): 0
	Maximum resident set size (kbytes): 3176
	Average resident set size (kbytes): 0
	Major (requiring I/O) page faults: 0
	Minor (reclaiming a frame) page faults: 73607
	Voluntary context switches: 53
	Involuntary context switches: 94
	Swaps: 0
	File system inputs: 0
	File system outputs: 8
	Socket messages sent: 0
	Socket messages received: 0
	Signals delivered: 0
	Page size (bytes): 4096
	Exit status: 0
-- Epoch #0 --
Training with 5000 images...
Correct classification: 1090 [0.109% ]
Elapsed time = 3593 milliseconds.
-- Epoch #1 --
Training with 5000 images...
Correct classification: 2043 [0.2043% ]
Elapsed time = 3471 milliseconds.
-- Epoch #2 --
Training with 5000 images...
Correct classification: 2947 [0.2947% ]
Elapsed time = 3465 milliseconds.
-- Epoch #3 --
Training with 5000 images...
Correct classification: 3108 [0.3108% ]
Elapsed time = 3495 milliseconds.
-- Epoch #4 --
Training with 5000 images...
Correct classification: 3164 [0.3164% ]
Elapsed time = 3514 milliseconds.
-- Epoch #5 --
Training with 5000 images...
Correct classification: 3195 [0.3195% ]
Elapsed time = 3518 milliseconds.
-- Epoch #6 --
Training with 5000 images...
Correct classification: 3217 [0.3217% ]
Elapsed time = 3542 milliseconds.
-- Epoch #7 --
Training with 5000 images...
Correct classification: 3230 [0.323% ]
Elapsed time = 3490 milliseconds.
-- Epoch #8 --
Training with 5000 images...
Correct classification: 3236 [0.3236% ]
Elapsed time = 3503 milliseconds.
-- Epoch #9 --
Training with 5000 images...
Correct classification: 3248 [0.3248% ]
Elapsed time = 3487 milliseconds.
	Command being timed: "./homework5 /tmp/slurmtmp.32005817/data"
	User time (seconds): 34.42
	System time (seconds): 0.56
	Percent of CPU this job got: 99%
	Elapsed (wall clock) time (h:mm:ss or m:ss): 0:35.08
	Average shared text size (kbytes): 0
	Average unshared data size (kbytes): 0
	Average stack size (kbytes): 0
	Average total size (kbytes): 0
	Maximum resident set size (kbytes): 3176
	Average resident set size (kbytes): 0
	Major (requiring I/O) page faults: 0
	Minor (reclaiming a frame) page faults: 73607
	Voluntary context switches: 53
	Involuntary context switches: 87
	Swaps: 0
	File system inputs: 0
	File system outputs: 16
	Socket messages sent: 0
	Socket messages received: 0
	Signals delivered: 0
	Page size (bytes): 4096
	Exit status: 0
-- Epoch #0 --
Training with 5000 images...
Correct classification: 1090 [0.109% ]
Elapsed time = 3457 milliseconds.
-- Epoch #1 --
Training with 5000 images...
Correct classification: 2043 [0.2043% ]
Elapsed time = 3511 milliseconds.
-- Epoch #2 --
Training with 5000 images...
Correct classification: 2947 [0.2947% ]
Elapsed time = 3550 milliseconds.
-- Epoch #3 --
Training with 5000 images...
Correct classification: 3108 [0.3108% ]
Elapsed time = 3447 milliseconds.
-- Epoch #4 --
Training with 5000 images...
Correct classification: 3164 [0.3164% ]
Elapsed time = 3409 milliseconds.
-- Epoch #5 --
Training with 5000 images...
Correct classification: 3195 [0.3195% ]
Elapsed time = 3464 milliseconds.
-- Epoch #6 --
Training with 5000 images...
Correct classification: 3217 [0.3217% ]
Elapsed time = 3524 milliseconds.
-- Epoch #7 --
Training with 5000 images...
Correct classification: 3230 [0.323% ]
Elapsed time = 3401 milliseconds.
-- Epoch #8 --
Training with 5000 images...
Correct classification: 3236 [0.3236% ]
Elapsed time = 3476 milliseconds.
-- Epoch #9 --
Training with 5000 images...
Correct classification: 3248 [0.3248% ]
Elapsed time = 3505 milliseconds.
	Command being timed: "./homework5 /tmp/slurmtmp.32005817/data"
	User time (seconds): 34.06
	System time (seconds): 0.59
	Percent of CPU this job got: 99%
	Elapsed (wall clock) time (h:mm:ss or m:ss): 0:34.75
	Average shared text size (kbytes): 0
	Average unshared data size (kbytes): 0
	Average stack size (kbytes): 0
	Average total size (kbytes): 0
	Maximum resident set size (kbytes): 3176
	Average resident set size (kbytes): 0
	Major (requiring I/O) page faults: 0
	Minor (reclaiming a frame) page faults: 73606
	Voluntary context switches: 52
	Involuntary context switches: 82
	Swaps: 0
	File system inputs: 0
	File system outputs: 8
	Socket messages sent: 0
	Socket messages received: 0
	Signals delivered: 0
	Page size (bytes): 4096
	Exit status: 0
-- Epoch #0 --
Training with 5000 images...
Correct classification: 1090 [0.109% ]
Elapsed time = 3403 milliseconds.
-- Epoch #1 --
Training with 5000 images...
Correct classification: 2043 [0.2043% ]
Elapsed time = 3333 milliseconds.
-- Epoch #2 --
Training with 5000 images...
Correct classification: 2947 [0.2947% ]
Elapsed time = 3533 milliseconds.
-- Epoch #3 --
Training with 5000 images...
Correct classification: 3108 [0.3108% ]
Elapsed time = 3415 milliseconds.
-- Epoch #4 --
Training with 5000 images...
Correct classification: 3164 [0.3164% ]
Elapsed time = 3476 milliseconds.
-- Epoch #5 --
Training with 5000 images...
Correct classification: 3195 [0.3195% ]
Elapsed time = 3526 milliseconds.
-- Epoch #6 --
Training with 5000 images...
Correct classification: 3217 [0.3217% ]
Elapsed time = 3546 milliseconds.
-- Epoch #7 --
Training with 5000 images...
Correct classification: 3230 [0.323% ]
Elapsed time = 3508 milliseconds.
-- Epoch #8 --
Training with 5000 images...
Correct classification: 3236 [0.3236% ]
Elapsed time = 3523 milliseconds.
-- Epoch #9 --
Training with 5000 images...
Correct classification: 3248 [0.3248% ]
Elapsed time = 3473 milliseconds.
	Command being timed: "./homework5 /tmp/slurmtmp.32005817/data"
	User time (seconds): 34.06
	System time (seconds): 0.58
	Percent of CPU this job got: 99%
	Elapsed (wall clock) time (h:mm:ss or m:ss): 0:34.74
	Average shared text size (kbytes): 0
	Average unshared data size (kbytes): 0
	Average stack size (kbytes): 0
	Average total size (kbytes): 0
	Maximum resident set size (kbytes): 3180
	Average resident set size (kbytes): 0
	Major (requiring I/O) page faults: 0
	Minor (reclaiming a frame) page faults: 73606
	Voluntary context switches: 53
	Involuntary context switches: 87
	Swaps: 0
	File system inputs: 0
	File system outputs: 16
	Socket messages sent: 0
	Socket messages received: 0
	Signals delivered: 0
	Page size (bytes): 4096
	Exit status: 0
