sub-image matched at: 1211, 714, 1306, 829
sub-image matched at: 1315, 727, 1410, 842
Number of matches: 2
	Command being timed: "./ImageChecker images/Mammogram.png images/Cancer_mask.png outputs/cancerout.png"
	User time (seconds): 180.87
	System time (seconds): 0.25
	Percent of CPU this job got: 99%
	Elapsed (wall clock) time (h:mm:ss or m:ss): 3:01.57
	Average shared text size (kbytes): 0
	Average unshared data size (kbytes): 0
	Average stack size (kbytes): 0
	Average total size (kbytes): 0
	Maximum resident set size (kbytes): 16612
	Average resident set size (kbytes): 0
	Major (requiring I/O) page faults: 1
	Minor (reclaiming a frame) page faults: 3152
	Voluntary context switches: 30
	Involuntary context switches: 4
	Swaps: 0
	File system inputs: 976
	File system outputs: 1456
	Socket messages sent: 0
	Socket messages received: 0
	Signals delivered: 0
	Page size (bytes): 4096
	Exit status: 0
